\BOOKMARK [0][]{section*.3}{List of Figures}{}% 1
\BOOKMARK [0][]{section*.5}{List of Tables}{}% 2
\BOOKMARK [0][]{chapter.1}{1 Introduction}{}% 3
\BOOKMARK [0][]{chapter.2}{2 Related Work}{}% 4
\BOOKMARK [1][]{section.2.1}{2.1 Sketch-based Modelling}{chapter.2}% 5
\BOOKMARK [2][]{subsection.2.1.1}{2.1.1 FiberMesh}{section.2.1}% 6
\BOOKMARK [1][]{section.2.2}{2.2 3D Modelling in Virtual Reality}{chapter.2}% 7
\BOOKMARK [2][]{subsection.2.2.1}{2.2.1 Google Tilt Brush}{section.2.2}% 8
\BOOKMARK [2][]{subsection.2.2.2}{2.2.2 Oculus Medium}{section.2.2}% 9
\BOOKMARK [2][]{subsection.2.2.3}{2.2.3 MasterpieceVR}{section.2.2}% 10
\BOOKMARK [2][]{subsection.2.2.4}{2.2.4 Google Blocks}{section.2.2}% 11
\BOOKMARK [2][]{subsection.2.2.5}{2.2.5 Makebox}{section.2.2}% 12
\BOOKMARK [0][]{chapter.3}{3 System Description}{}% 13
\BOOKMARK [1][]{section.3.1}{3.1 Algorithms}{chapter.3}% 14
\BOOKMARK [1][]{section.3.2}{3.2 User Interface}{chapter.3}% 15
\BOOKMARK [0][]{chapter.4}{4 Results}{}% 16
\BOOKMARK [1][]{section.4.1}{4.1 Interface}{chapter.4}% 17
\BOOKMARK [1][]{section.4.2}{4.2 User review}{chapter.4}% 18
\BOOKMARK [0][]{chapter.5}{5 Conclusion and Outlook}{}% 19
\BOOKMARK [1][]{section.5.1}{5.1 Future work}{chapter.5}% 20
\BOOKMARK [1][]{section.5.2}{5.2 Conclusion}{chapter.5}% 21
\BOOKMARK [0][]{appendix.A}{A Information For The Few \(Appendix\)}{}% 22
\BOOKMARK [1][]{section.A.1}{A.1 Foo Bar Baz}{appendix.A}% 23
\BOOKMARK [1][]{section.A.2}{A.2 Barontes}{appendix.A}% 24
\BOOKMARK [1][]{section.A.3}{A.3 A Long Table with Booktabs}{appendix.A}% 25
\BOOKMARK [0][]{section*.29}{Bibliography}{}% 26
