This is pdfTeX, Version 3.14159265-2.6-1.40.18 (MiKTeX 2.9.6600) (preloaded format=pdflatex 2018.3.14)  27 MAR 2018 14:07
entering extended mode
**./thesis.tex
(thesis.tex
LaTeX2e <2017-04-15>
Babel <3.18> and hyphenation patterns for 0 language(s) loaded.

("/Users/floorverhoeven/Library/Application Support/MiKTeX/texmfs/install/tex/l
atex/koma-script/scrbook.cls"
Document Class: scrbook 2017/09/07 v3.24 KOMA-Script document class (book)

("/Users/floorverhoeven/Library/Application Support/MiKTeX/texmfs/install/tex/l
atex/koma-script/scrkbase.sty"
Package: scrkbase 2017/09/07 v3.24 KOMA-Script package (KOMA-Script-dependent b
asics and keyval usage)

("/Users/floorverhoeven/Library/Application Support/MiKTeX/texmfs/install/tex/l
atex/koma-script/scrbase.sty"
Package: scrbase 2017/09/07 v3.24 KOMA-Script package (KOMA-Script-independent 
basics and keyval usage)

("/Users/floorverhoeven/Library/Application Support/MiKTeX/texmfs/install/tex/l
atex/graphics/keyval.sty"
Package: keyval 2014/10/28 v1.15 key=value parser (DPC)
\KV@toks@=\toks14
)
("/Users/floorverhoeven/Library/Application Support/MiKTeX/texmfs/install/tex/l
atex/koma-script/scrlfile.sty"
Package: scrlfile 2017/09/07 v3.24 KOMA-Script package (loading files)
)))
("/Users/floorverhoeven/Library/Application Support/MiKTeX/texmfs/install/tex/l
atex/koma-script/tocbasic.sty"
Package: tocbasic 2017/09/07 v3.24 KOMA-Script package (handling toc-files)
\scr@dte@tocline@numberwidth=\skip41
\scr@dte@tocline@numbox=\box26
)
Package tocbasic Info: omitting babel extension for `toc'
(tocbasic)             because of feature `nobabel' available
(tocbasic)             for `toc' on input line 135.
Package tocbasic Info: omitting babel extension for `lof'
(tocbasic)             because of feature `nobabel' available
(tocbasic)             for `lof' on input line 137.
Package tocbasic Info: omitting babel extension for `lot'
(tocbasic)             because of feature `nobabel' available
(tocbasic)             for `lot' on input line 138.
Package tocbasic Info: defining new hook before heading of `' on input line 162
3.
Package scrbook Info: You've used standard option `12pt'.
(scrbook)             This is correct!
(scrbook)             Internally I'm using `fontsize=12pt'.
(scrbook)             If you'd like to set the option with \KOMAoptions,
(scrbook)             you'd have to use `fontsize=12pt' there
(scrbook)             instead of `12pt', too.


Class scrbook Warning: You've used obsolete option `nochapterprefix'.
(scrbook)              Usage of this option indicates an old document
(scrbook)              and changes compatibility level using
(scrbook)              `chapterprefix=false,version=first,
(scrbook)              enabledeprecatedfontcommands' that may result
(scrbook)              in further warnings.
(scrbook)              If you don't want this, you should simply
(scrbook)              replace option `nochapterprefix' by `chapterprefix=false
'.

Class scrbook Info: Switching compatibility level to `first'.

Class scrbook Warning: deprecated option `enabledeprecatedfontcommands'.
(scrbook)              Note, that this option was already depreacted when
(scrbook)              it has been defined. Support for old font commands
(scrbook)              has been removed from KOMA-Script more than one
(scrbook)              decade ago. It is not recommended to use them any
(scrbook)              longer. Therefore usage of this class option also
(scrbook)              is not recommended.

Class scrbook Info: File `scrsize12pt.clo' used to setup font sizes on input li
ne 2296.

("/Users/floorverhoeven/Library/Application Support/MiKTeX/texmfs/install/tex/l
atex/koma-script/scrsize12pt.clo"
File: scrsize12pt.clo 2017/09/07 v3.24 KOMA-Script font size class option (12pt
)
)
("/Users/floorverhoeven/Library/Application Support/MiKTeX/texmfs/install/tex/l
atex/koma-script/typearea.sty"
Package: typearea 2017/09/07 v3.24 KOMA-Script package (type area)
\ta@bcor=\skip42
\ta@div=\count79
Package typearea Info: You've used standard option `a4paper'.
(typearea)             This is correct!
(typearea)             Internally I'm using `paper=a4'.
(typearea)             If you'd like to set the option with \KOMAoptions,
(typearea)             you'd have to use `paper=a4' there
(typearea)             instead of `a4paper', too.
Package typearea Info: You've used standard option `pdftex'.
(typearea)             This is correct!
(typearea)             Internally I'm using `pagesize=pdftex'.
(typearea)             If you'd like to set the option with \KOMAoptions,
(typearea)             you'd have to use `pagesize=pdftex' there
(typearea)             instead of `pdftex', too.
\ta@hblk=\skip43
\ta@vblk=\skip44
\ta@temp=\skip45
\footheight=\skip46
Package typearea Info: These are the values describing the layout:
(typearea)             DIV  = 12
(typearea)             BCOR = 0.0pt
(typearea)             \paperwidth      = 597.50793pt
(typearea)              \textwidth      = 448.13095pt
(typearea)              DIV departure   = -6%
(typearea)              \evensidemargin = 27.31467pt
(typearea)              \oddsidemargin  = -22.47766pt
(typearea)             \paperheight     = 845.04694pt
(typearea)              \textheight     = 635.5pt
(typearea)              \topmargin      = -41.72441pt
(typearea)              \headheight     = 18.125pt
(typearea)              \headsep        = 21.75pt
(typearea)              \topskip        = 12.0pt
(typearea)              \footskip       = 50.75pt
(typearea)              \baselineskip   = 14.5pt
(typearea)              on input line 1686.
)
\c@part=\count80
\c@chapter=\count81
\c@section=\count82
\c@subsection=\count83
\c@subsubsection=\count84
\c@paragraph=\count85
\c@subparagraph=\count86
\scr@dte@part@maxnumwidth=\skip47
\scr@dte@chapter@maxnumwidth=\skip48
\scr@dte@section@maxnumwidth=\skip49
\scr@dte@subsection@maxnumwidth=\skip50
\scr@dte@subsubsection@maxnumwidth=\skip51
\scr@dte@paragraph@maxnumwidth=\skip52
\scr@dte@subparagraph@maxnumwidth=\skip53
LaTeX Info: Redefining \textsubscript on input line 4966.
\abovecaptionskip=\skip54
\belowcaptionskip=\skip55
\c@pti@nb@sid@b@x=\box27
\c@figure=\count87
\c@table=\count88
Class scrbook Info: Using old \@makefntext due to compatibility level
(scrbook)           less than 3.22 on input line 6129.
Class scrbook Info: Redefining `\numberline' on input line 6142.
\bibindent=\dimen102
)
("/Users/floorverhoeven/Library/Application Support/MiKTeX/texmfs/install/tex/l
atex/amsmath/amsmath.sty"
Package: amsmath 2017/09/02 v2.17a AMS math features
\@mathmargin=\skip56

For additional information on amsmath, use the `?' option.

("/Users/floorverhoeven/Library/Application Support/MiKTeX/texmfs/install/tex/l
atex/amsmath/amstext.sty"
Package: amstext 2000/06/29 v2.01 AMS text

("/Users/floorverhoeven/Library/Application Support/MiKTeX/texmfs/install/tex/l
atex/amsmath/amsgen.sty"
File: amsgen.sty 1999/11/30 v2.0 generic functions
\@emptytoks=\toks15
\ex@=\dimen103
))
("/Users/floorverhoeven/Library/Application Support/MiKTeX/texmfs/install/tex/l
atex/amsmath/amsbsy.sty"
Package: amsbsy 1999/11/29 v1.2d Bold Symbols
\pmbraise@=\dimen104
)
("/Users/floorverhoeven/Library/Application Support/MiKTeX/texmfs/install/tex/l
atex/amsmath/amsopn.sty"
Package: amsopn 2016/03/08 v2.02 operator names
)
\inf@bad=\count89
LaTeX Info: Redefining \frac on input line 213.
\uproot@=\count90
\leftroot@=\count91
LaTeX Info: Redefining \overline on input line 375.
\classnum@=\count92
\DOTSCASE@=\count93
LaTeX Info: Redefining \ldots on input line 472.
LaTeX Info: Redefining \dots on input line 475.
LaTeX Info: Redefining \cdots on input line 596.
\Mathstrutbox@=\box28
\strutbox@=\box29
\big@size=\dimen105
LaTeX Font Info:    Redeclaring font encoding OML on input line 712.
LaTeX Font Info:    Redeclaring font encoding OMS on input line 713.
\macc@depth=\count94
\c@MaxMatrixCols=\count95
\dotsspace@=\muskip10
\c@parentequation=\count96
\dspbrk@lvl=\count97
\tag@help=\toks16
\row@=\count98
\column@=\count99
\maxfields@=\count100
\andhelp@=\toks17
\eqnshift@=\dimen106
\alignsep@=\dimen107
\tagshift@=\dimen108
\tagwidth@=\dimen109
\totwidth@=\dimen110
\lineht@=\dimen111
\@envbody=\toks18
\multlinegap=\skip57
\multlinetaggap=\skip58
\mathdisplay@stack=\toks19
LaTeX Info: Redefining \[ on input line 2817.
LaTeX Info: Redefining \] on input line 2818.
)
("/Users/floorverhoeven/Library/Application Support/MiKTeX/texmfs/install/tex/l
atex/amsfonts/amssymb.sty"
Package: amssymb 2013/01/14 v3.01 AMS font symbols

("/Users/floorverhoeven/Library/Application Support/MiKTeX/texmfs/install/tex/l
atex/amsfonts/amsfonts.sty"
Package: amsfonts 2013/01/14 v3.01 Basic AMSFonts support
\symAMSa=\mathgroup4
\symAMSb=\mathgroup5
LaTeX Font Info:    Overwriting math alphabet `\mathfrak' in version `bold'
(Font)                  U/euf/m/n --> U/euf/b/n on input line 106.
))
("/Users/floorverhoeven/Library/Application Support/MiKTeX/texmfs/install/tex/l
atex/amscls/amsthm.sty"
Package: amsthm 2017/10/31 v2.20.4
\thm@style=\toks20
\thm@bodyfont=\toks21
\thm@headfont=\toks22
\thm@notefont=\toks23
\thm@headpunct=\toks24
\thm@preskip=\skip59
\thm@postskip=\skip60
\thm@headsep=\skip61
\dth@everypar=\toks25
)
("/Users/floorverhoeven/Library/Application Support/MiKTeX/texmfs/install/tex/l
atex/subfigure/subfigure.sty"
Package: subfigure 2002/07/30 v2.1.4 subfigure package
\subfigtopskip=\skip62
\subfigcapskip=\skip63
\subfigcaptopadj=\dimen112
\subfigbottomskip=\skip64
\subfigcapmargin=\dimen113
\subfiglabelskip=\skip65
\c@subfigure=\count101
\c@lofdepth=\count102
\c@subtable=\count103
\c@lotdepth=\count104

****************************************
* Local config file subfigure.cfg used *
****************************************

("/Users/floorverhoeven/Library/Application Support/MiKTeX/texmfs/install/tex/l
atex/subfigure/subfigure.cfg")
\subfig@top=\skip66
\subfig@bottom=\skip67
)
("/Users/floorverhoeven/Library/Application Support/MiKTeX/texmfs/install/tex/l
atex/tools/longtable.sty"
Package: longtable 2014/10/28 v4.11 Multi-page Table package (DPC)
\LTleft=\skip68
\LTright=\skip69
\LTpre=\skip70
\LTpost=\skip71
\LTchunksize=\count105
\LTcapwidth=\dimen114
\LT@head=\box30
\LT@firsthead=\box31
\LT@foot=\box32
\LT@lastfoot=\box33
\LT@cols=\count106
\LT@rows=\count107
\c@LT@tables=\count108
\c@LT@chunks=\count109
\LT@p@ftn=\toks26
)
Class scrbook Info: longtable captions redefined on input line 8.

("/Users/floorverhoeven/Library/Application Support/MiKTeX/texmfs/install/tex/l
atex/caption/caption.sty"
Package: caption 2016/02/21 v3.3-144 Customizing captions (AR)

("/Users/floorverhoeven/Library/Application Support/MiKTeX/texmfs/install/tex/l
atex/caption/caption3.sty"
Package: caption3 2016/05/22 v1.7-166 caption3 kernel (AR)
Package caption3 Info: TeX engine: e-TeX on input line 67.
\captionmargin=\dimen115
\captionmargin@=\dimen116
\captionwidth=\dimen117
\caption@tempdima=\dimen118
\caption@indent=\dimen119
\caption@parindent=\dimen120
\caption@hangindent=\dimen121
)
Package caption Info: KOMA-Script document class.
\c@ContinuedFloat=\count110
Package caption Info: longtable package is loaded.

("/Users/floorverhoeven/Library/Application Support/MiKTeX/texmfs/install/tex/l
atex/caption/ltcaption.sty"
Package: ltcaption 2013/06/09 v1.4-94 longtable captions (AR)
)
Package caption Info: subfigure package is loaded.
)
("/Users/floorverhoeven/Library/Application Support/MiKTeX/texmfs/install/tex/l
atex/booktabs/booktabs.sty"
Package: booktabs 2005/04/14 v1.61803 publication quality tables
\heavyrulewidth=\dimen122
\lightrulewidth=\dimen123
\cmidrulewidth=\dimen124
\belowrulesep=\dimen125
\belowbottomsep=\dimen126
\aboverulesep=\dimen127
\abovetopsep=\dimen128
\cmidrulesep=\dimen129
\cmidrulekern=\dimen130
\defaultaddspace=\dimen131
\@cmidla=\count111
\@cmidlb=\count112
\@aboverulesep=\dimen132
\@belowrulesep=\dimen133
\@thisruleclass=\count113
\@lastruleclass=\count114
\@thisrulewidth=\dimen134
)
("/Users/floorverhoeven/Library/Application Support/MiKTeX/texmfs/install/tex/l
atex/graphics/color.sty"
Package: color 2016/07/10 v1.1e Standard LaTeX Color (DPC)

("/Users/floorverhoeven/Library/Application Support/MiKTeX/texmfs/install/tex/l
atex/graphics-cfg/color.cfg"
File: color.cfg 2016/01/02 v1.6 sample color configuration
)
Package color Info: Driver file: pdftex.def on input line 147.

("/Users/floorverhoeven/Library/Application Support/MiKTeX/texmfs/install/tex/l
atex/graphics-def/pdftex.def"
File: pdftex.def 2018/01/08 v1.0l Graphics/color driver for pdftex
))
("/Users/floorverhoeven/Library/Application Support/MiKTeX/texmfs/install/tex/l
atex/url/url.sty"
\Urlmuskip=\muskip11
Package: url 2013/09/16  ver 3.4  Verb mode for urls, etc.
)
("/Users/floorverhoeven/Library/Application Support/MiKTeX/texmfs/install/tex/l
atex/graphics/graphicx.sty"
Package: graphicx 2017/06/01 v1.1a Enhanced LaTeX Graphics (DPC,SPQR)

("/Users/floorverhoeven/Library/Application Support/MiKTeX/texmfs/install/tex/l
atex/graphics/graphics.sty"
Package: graphics 2017/06/25 v1.2c Standard LaTeX Graphics (DPC,SPQR)

("/Users/floorverhoeven/Library/Application Support/MiKTeX/texmfs/install/tex/l
atex/graphics/trig.sty"
Package: trig 2016/01/03 v1.10 sin cos tan (DPC)
)
("/Users/floorverhoeven/Library/Application Support/MiKTeX/texmfs/install/tex/l
atex/graphics-cfg/graphics.cfg"
File: graphics.cfg 2016/06/04 v1.11 sample graphics configuration
)
Package graphics Info: Driver file: pdftex.def on input line 99.
)
\Gin@req@height=\dimen135
\Gin@req@width=\dimen136
)
("/Users/floorverhoeven/Library/Application Support/MiKTeX/texmfs/install/tex/l
atex/pdfpages/pdfpages.sty"
Package: pdfpages 2017/10/31 v0.5l Insert pages of external PDF documents (AM)

("/Users/floorverhoeven/Library/Application Support/MiKTeX/texmfs/install/tex/l
atex/base/ifthen.sty"
Package: ifthen 2014/09/29 v1.1c Standard LaTeX ifthen package (DPC)
)
("/Users/floorverhoeven/Library/Application Support/MiKTeX/texmfs/install/tex/l
atex/tools/calc.sty"
Package: calc 2014/10/28 v4.3 Infix arithmetic (KKT,FJ)
\calc@Acount=\count115
\calc@Bcount=\count116
\calc@Adimen=\dimen137
\calc@Bdimen=\dimen138
\calc@Askip=\skip72
\calc@Bskip=\skip73
LaTeX Info: Redefining \setlength on input line 80.
LaTeX Info: Redefining \addtolength on input line 81.
\calc@Ccount=\count117
\calc@Cskip=\skip74
)
("/Users/floorverhoeven/Library/Application Support/MiKTeX/texmfs/install/tex/l
atex/eso-pic/eso-pic.sty"
Package: eso-pic 2015/07/21 v2.0g eso-pic (RN)

("/Users/floorverhoeven/Library/Application Support/MiKTeX/texmfs/install/tex/g
eneric/oberdiek/atbegshi.sty"
Package: atbegshi 2016/06/09 v1.18 At begin shipout hook (HO)

("/Users/floorverhoeven/Library/Application Support/MiKTeX/texmfs/install/tex/g
eneric/oberdiek/infwarerr.sty"
Package: infwarerr 2016/05/16 v1.4 Providing info/warning/error messages (HO)
)
("/Users/floorverhoeven/Library/Application Support/MiKTeX/texmfs/install/tex/g
eneric/oberdiek/ltxcmds.sty"
Package: ltxcmds 2016/05/16 v1.23 LaTeX kernel commands for general use (HO)
)
("/Users/floorverhoeven/Library/Application Support/MiKTeX/texmfs/install/tex/g
eneric/oberdiek/ifpdf.sty"
Package: ifpdf 2017/03/15 v3.2 Provides the ifpdf switch
)))
\AM@pagewidth=\dimen139
\AM@pageheight=\dimen140

("/Users/floorverhoeven/Library/Application Support/MiKTeX/texmfs/install/tex/l
atex/pdfpages/pppdftex.def"
File: pppdftex.def 2017/10/31 v0.5l Pdfpages driver for pdfTeX (AM)
)
\AM@pagebox=\box34
\AM@global@opts=\toks27
\AM@toc@title=\toks28
\c@AM@survey=\count118
\AM@templatesizebox=\box35
)
("/Users/floorverhoeven/Library/Application Support/MiKTeX/texmfs/install/tex/l
atex/graphics/rotating.sty"
Package: rotating 2016/08/11 v2.16d rotated objects in LaTeX
\c@r@tfl@t=\count119
\rotFPtop=\skip75
\rotFPbot=\skip76
\rot@float@box=\box36
\rot@mess@toks=\toks29
)
("/Users/floorverhoeven/Library/Application Support/MiKTeX/texmfs/install/tex/l
atex/koma-script/scrpage2.sty"
Package: scrpage2 2017/09/07 v3.24 KOMA-Script package (page head and foot)


Package scrpage2 Warning: usage of obsolete package!
(scrpage2)                Package `scrpage2' is obsolete.
(scrpage2)                You should not longer use package `scrpage2'.
(scrpage2)                You should replace usage of package `scrpage2'
(scrpage2)                by `scrlayer-scrpage' on input line 52.


Package scrpage2 Warning: deprecated passing option `headinclude' to scrpage2.
(scrpage2)                If you are using package typearea or
(scrpage2)                a KOMA-Script class since version 3.00
(scrpage2)                you may use `\KOMAoptions{headinclude}' and
(scrpage2)                remove passing `headinclude' to scrpage2.

LaTeX Info: Redefining \pagemark on input line 180.
)
("/Users/floorverhoeven/Library/Application Support/MiKTeX/texmfs/install/tex/l
atex/todonotes/todonotes.sty"
Package: todonotes 2015/07/09 .dtx Todonotes source and documentation.
Package: todonotes 2012/07/25

("/Users/floorverhoeven/Library/Application Support/MiKTeX/texmfs/install/tex/l
atex/xkeyval/xkeyval.sty"
Package: xkeyval 2014/12/03 v2.7a package option processing (HA)

("/Users/floorverhoeven/Library/Application Support/MiKTeX/texmfs/install/tex/g
eneric/xkeyval/xkeyval.tex"
("/Users/floorverhoeven/Library/Application Support/MiKTeX/texmfs/install/tex/g
eneric/xkeyval/xkvutils.tex"
\XKV@toks=\toks30
\XKV@tempa@toks=\toks31
)
\XKV@depth=\count120
File: xkeyval.tex 2014/12/03 v2.7a key=value parser (HA)
))
("/Users/floorverhoeven/Library/Application Support/MiKTeX/texmfs/install/tex/l
atex/xcolor/xcolor.sty"
Package: xcolor 2016/05/11 v2.12 LaTeX color extensions (UK)

("/Users/floorverhoeven/Library/Application Support/MiKTeX/texmfs/install/tex/l
atex/graphics-cfg/color.cfg"
File: color.cfg 2016/01/02 v1.6 sample color configuration
)
Package xcolor Info: Driver file: pdftex.def on input line 225.
LaTeX Info: Redefining \color on input line 709.
Package xcolor Info: Model `cmy' substituted by `cmy0' on input line 1348.
Package xcolor Info: Model `hsb' substituted by `rgb' on input line 1352.
Package xcolor Info: Model `RGB' extended on input line 1364.
Package xcolor Info: Model `HTML' substituted by `rgb' on input line 1366.
Package xcolor Info: Model `Hsb' substituted by `hsb' on input line 1367.
Package xcolor Info: Model `tHsb' substituted by `hsb' on input line 1368.
Package xcolor Info: Model `HSB' substituted by `hsb' on input line 1369.
Package xcolor Info: Model `Gray' substituted by `gray' on input line 1370.
Package xcolor Info: Model `wave' substituted by `hsb' on input line 1371.
)
("/Users/floorverhoeven/Library/Application Support/MiKTeX/texmfs/install/tex/l
atex/pgf/frontendlayer/tikz.sty"
("/Users/floorverhoeven/Library/Application Support/MiKTeX/texmfs/install/tex/l
atex/pgf/basiclayer/pgf.sty"
("/Users/floorverhoeven/Library/Application Support/MiKTeX/texmfs/install/tex/l
atex/pgf/utilities/pgfrcs.sty"
("/Users/floorverhoeven/Library/Application Support/MiKTeX/texmfs/install/tex/g
eneric/pgf/utilities/pgfutil-common.tex"
\pgfutil@everybye=\toks32
\pgfutil@tempdima=\dimen141
\pgfutil@tempdimb=\dimen142

("/Users/floorverhoeven/Library/Application Support/MiKTeX/texmfs/install/tex/g
eneric/pgf/utilities/pgfutil-common-lists.tex"))
("/Users/floorverhoeven/Library/Application Support/MiKTeX/texmfs/install/tex/g
eneric/pgf/utilities/pgfutil-latex.def"
\pgfutil@abb=\box37

("/Users/floorverhoeven/Library/Application Support/MiKTeX/texmfs/install/tex/l
atex/ms/everyshi.sty"
Package: everyshi 2001/05/15 v3.00 EveryShipout Package (MS)
))
("/Users/floorverhoeven/Library/Application Support/MiKTeX/texmfs/install/tex/g
eneric/pgf/utilities/pgfrcs.code.tex"
Package: pgfrcs 2015/08/07 v3.0.1a (rcs-revision 1.31)
))
Package: pgf 2015/08/07 v3.0.1a (rcs-revision 1.15)

("/Users/floorverhoeven/Library/Application Support/MiKTeX/texmfs/install/tex/l
atex/pgf/basiclayer/pgfcore.sty"
("/Users/floorverhoeven/Library/Application Support/MiKTeX/texmfs/install/tex/l
atex/pgf/systemlayer/pgfsys.sty"
("/Users/floorverhoeven/Library/Application Support/MiKTeX/texmfs/install/tex/g
eneric/pgf/systemlayer/pgfsys.code.tex"
Package: pgfsys 2014/07/09 v3.0.1a (rcs-revision 1.48)

("/Users/floorverhoeven/Library/Application Support/MiKTeX/texmfs/install/tex/g
eneric/pgf/utilities/pgfkeys.code.tex"
\pgfkeys@pathtoks=\toks33
\pgfkeys@temptoks=\toks34

("/Users/floorverhoeven/Library/Application Support/MiKTeX/texmfs/install/tex/g
eneric/pgf/utilities/pgfkeysfiltered.code.tex"
\pgfkeys@tmptoks=\toks35
))
\pgf@x=\dimen143
\pgf@y=\dimen144
\pgf@xa=\dimen145
\pgf@ya=\dimen146
\pgf@xb=\dimen147
\pgf@yb=\dimen148
\pgf@xc=\dimen149
\pgf@yc=\dimen150
\w@pgf@writea=\write3
\r@pgf@reada=\read1
\c@pgf@counta=\count121
\c@pgf@countb=\count122
\c@pgf@countc=\count123
\c@pgf@countd=\count124
\t@pgf@toka=\toks36
\t@pgf@tokb=\toks37
\t@pgf@tokc=\toks38

("/Users/floorverhoeven/Library/Application Support/MiKTeX/texmfs/install/tex/g
eneric/pgf/systemlayer/pgf.cfg"
File: pgf.cfg 2008/05/14  (rcs-revision 1.7)
)
Driver file for pgf: pgfsys-pdftex.def

("/Users/floorverhoeven/Library/Application Support/MiKTeX/texmfs/install/tex/g
eneric/pgf/systemlayer/pgfsys-pdftex.def"
File: pgfsys-pdftex.def 2014/10/11  (rcs-revision 1.35)

("/Users/floorverhoeven/Library/Application Support/MiKTeX/texmfs/install/tex/g
eneric/pgf/systemlayer/pgfsys-common-pdf.def"
File: pgfsys-common-pdf.def 2013/10/10  (rcs-revision 1.13)
)))
("/Users/floorverhoeven/Library/Application Support/MiKTeX/texmfs/install/tex/g
eneric/pgf/systemlayer/pgfsyssoftpath.code.tex"
File: pgfsyssoftpath.code.tex 2013/09/09  (rcs-revision 1.9)
\pgfsyssoftpath@smallbuffer@items=\count125
\pgfsyssoftpath@bigbuffer@items=\count126
)
("/Users/floorverhoeven/Library/Application Support/MiKTeX/texmfs/install/tex/g
eneric/pgf/systemlayer/pgfsysprotocol.code.tex"
File: pgfsysprotocol.code.tex 2006/10/16  (rcs-revision 1.4)
))
("/Users/floorverhoeven/Library/Application Support/MiKTeX/texmfs/install/tex/g
eneric/pgf/basiclayer/pgfcore.code.tex"
Package: pgfcore 2010/04/11 v3.0.1a (rcs-revision 1.7)

("/Users/floorverhoeven/Library/Application Support/MiKTeX/texmfs/install/tex/g
eneric/pgf/math/pgfmath.code.tex"
("/Users/floorverhoeven/Library/Application Support/MiKTeX/texmfs/install/tex/g
eneric/pgf/math/pgfmathcalc.code.tex"
("/Users/floorverhoeven/Library/Application Support/MiKTeX/texmfs/install/tex/g
eneric/pgf/math/pgfmathutil.code.tex")
("/Users/floorverhoeven/Library/Application Support/MiKTeX/texmfs/install/tex/g
eneric/pgf/math/pgfmathparser.code.tex"
\pgfmath@dimen=\dimen151
\pgfmath@count=\count127
\pgfmath@box=\box38
\pgfmath@toks=\toks39
\pgfmath@stack@operand=\toks40
\pgfmath@stack@operation=\toks41
)
("/Users/floorverhoeven/Library/Application Support/MiKTeX/texmfs/install/tex/g
eneric/pgf/math/pgfmathfunctions.code.tex"
("/Users/floorverhoeven/Library/Application Support/MiKTeX/texmfs/install/tex/g
eneric/pgf/math/pgfmathfunctions.basic.code.tex")
("/Users/floorverhoeven/Library/Application Support/MiKTeX/texmfs/install/tex/g
eneric/pgf/math/pgfmathfunctions.trigonometric.code.tex")
("/Users/floorverhoeven/Library/Application Support/MiKTeX/texmfs/install/tex/g
eneric/pgf/math/pgfmathfunctions.random.code.tex")
("/Users/floorverhoeven/Library/Application Support/MiKTeX/texmfs/install/tex/g
eneric/pgf/math/pgfmathfunctions.comparison.code.tex")
("/Users/floorverhoeven/Library/Application Support/MiKTeX/texmfs/install/tex/g
eneric/pgf/math/pgfmathfunctions.base.code.tex")
("/Users/floorverhoeven/Library/Application Support/MiKTeX/texmfs/install/tex/g
eneric/pgf/math/pgfmathfunctions.round.code.tex")
("/Users/floorverhoeven/Library/Application Support/MiKTeX/texmfs/install/tex/g
eneric/pgf/math/pgfmathfunctions.misc.code.tex")
("/Users/floorverhoeven/Library/Application Support/MiKTeX/texmfs/install/tex/g
eneric/pgf/math/pgfmathfunctions.integerarithmetics.code.tex")))
("/Users/floorverhoeven/Library/Application Support/MiKTeX/texmfs/install/tex/g
eneric/pgf/math/pgfmathfloat.code.tex"
\c@pgfmathroundto@lastzeros=\count128
))
("/Users/floorverhoeven/Library/Application Support/MiKTeX/texmfs/install/tex/g
eneric/pgf/basiclayer/pgfcorepoints.code.tex"
File: pgfcorepoints.code.tex 2013/10/07  (rcs-revision 1.27)
\pgf@picminx=\dimen152
\pgf@picmaxx=\dimen153
\pgf@picminy=\dimen154
\pgf@picmaxy=\dimen155
\pgf@pathminx=\dimen156
\pgf@pathmaxx=\dimen157
\pgf@pathminy=\dimen158
\pgf@pathmaxy=\dimen159
\pgf@xx=\dimen160
\pgf@xy=\dimen161
\pgf@yx=\dimen162
\pgf@yy=\dimen163
\pgf@zx=\dimen164
\pgf@zy=\dimen165
)
("/Users/floorverhoeven/Library/Application Support/MiKTeX/texmfs/install/tex/g
eneric/pgf/basiclayer/pgfcorepathconstruct.code.tex"
File: pgfcorepathconstruct.code.tex 2013/10/07  (rcs-revision 1.29)
\pgf@path@lastx=\dimen166
\pgf@path@lasty=\dimen167
)
("/Users/floorverhoeven/Library/Application Support/MiKTeX/texmfs/install/tex/g
eneric/pgf/basiclayer/pgfcorepathusage.code.tex"
File: pgfcorepathusage.code.tex 2014/11/02  (rcs-revision 1.24)
\pgf@shorten@end@additional=\dimen168
\pgf@shorten@start@additional=\dimen169
)
("/Users/floorverhoeven/Library/Application Support/MiKTeX/texmfs/install/tex/g
eneric/pgf/basiclayer/pgfcorescopes.code.tex"
File: pgfcorescopes.code.tex 2015/05/08  (rcs-revision 1.46)
\pgfpic=\box39
\pgf@hbox=\box40
\pgf@layerbox@main=\box41
\pgf@picture@serial@count=\count129
)
("/Users/floorverhoeven/Library/Application Support/MiKTeX/texmfs/install/tex/g
eneric/pgf/basiclayer/pgfcoregraphicstate.code.tex"
File: pgfcoregraphicstate.code.tex 2014/11/02  (rcs-revision 1.12)
\pgflinewidth=\dimen170
)
("/Users/floorverhoeven/Library/Application Support/MiKTeX/texmfs/install/tex/g
eneric/pgf/basiclayer/pgfcoretransformations.code.tex"
File: pgfcoretransformations.code.tex 2015/08/07  (rcs-revision 1.20)
\pgf@pt@x=\dimen171
\pgf@pt@y=\dimen172
\pgf@pt@temp=\dimen173
)
("/Users/floorverhoeven/Library/Application Support/MiKTeX/texmfs/install/tex/g
eneric/pgf/basiclayer/pgfcorequick.code.tex"
File: pgfcorequick.code.tex 2008/10/09  (rcs-revision 1.3)
)
("/Users/floorverhoeven/Library/Application Support/MiKTeX/texmfs/install/tex/g
eneric/pgf/basiclayer/pgfcoreobjects.code.tex"
File: pgfcoreobjects.code.tex 2006/10/11  (rcs-revision 1.2)
)
("/Users/floorverhoeven/Library/Application Support/MiKTeX/texmfs/install/tex/g
eneric/pgf/basiclayer/pgfcorepathprocessing.code.tex"
File: pgfcorepathprocessing.code.tex 2013/09/09  (rcs-revision 1.9)
)
("/Users/floorverhoeven/Library/Application Support/MiKTeX/texmfs/install/tex/g
eneric/pgf/basiclayer/pgfcorearrows.code.tex"
File: pgfcorearrows.code.tex 2015/05/14  (rcs-revision 1.43)
\pgfarrowsep=\dimen174
)
("/Users/floorverhoeven/Library/Application Support/MiKTeX/texmfs/install/tex/g
eneric/pgf/basiclayer/pgfcoreshade.code.tex"
File: pgfcoreshade.code.tex 2013/07/15  (rcs-revision 1.15)
\pgf@max=\dimen175
\pgf@sys@shading@range@num=\count130
)
("/Users/floorverhoeven/Library/Application Support/MiKTeX/texmfs/install/tex/g
eneric/pgf/basiclayer/pgfcoreimage.code.tex"
File: pgfcoreimage.code.tex 2013/07/15  (rcs-revision 1.18)

("/Users/floorverhoeven/Library/Application Support/MiKTeX/texmfs/install/tex/g
eneric/pgf/basiclayer/pgfcoreexternal.code.tex"
File: pgfcoreexternal.code.tex 2014/07/09  (rcs-revision 1.21)
\pgfexternal@startupbox=\box42
))
("/Users/floorverhoeven/Library/Application Support/MiKTeX/texmfs/install/tex/g
eneric/pgf/basiclayer/pgfcorelayers.code.tex"
File: pgfcorelayers.code.tex 2013/07/18  (rcs-revision 1.7)
)
("/Users/floorverhoeven/Library/Application Support/MiKTeX/texmfs/install/tex/g
eneric/pgf/basiclayer/pgfcoretransparency.code.tex"
File: pgfcoretransparency.code.tex 2013/09/30  (rcs-revision 1.5)
)
("/Users/floorverhoeven/Library/Application Support/MiKTeX/texmfs/install/tex/g
eneric/pgf/basiclayer/pgfcorepatterns.code.tex"
File: pgfcorepatterns.code.tex 2013/11/07  (rcs-revision 1.5)
)))
("/Users/floorverhoeven/Library/Application Support/MiKTeX/texmfs/install/tex/g
eneric/pgf/modules/pgfmoduleshapes.code.tex"
File: pgfmoduleshapes.code.tex 2014/03/21  (rcs-revision 1.35)
\pgfnodeparttextbox=\box43
)
("/Users/floorverhoeven/Library/Application Support/MiKTeX/texmfs/install/tex/g
eneric/pgf/modules/pgfmoduleplot.code.tex"
File: pgfmoduleplot.code.tex 2015/08/03  (rcs-revision 1.13)
)
("/Users/floorverhoeven/Library/Application Support/MiKTeX/texmfs/install/tex/l
atex/pgf/compatibility/pgfcomp-version-0-65.sty"
Package: pgfcomp-version-0-65 2007/07/03 v3.0.1a (rcs-revision 1.7)
\pgf@nodesepstart=\dimen176
\pgf@nodesepend=\dimen177
)
("/Users/floorverhoeven/Library/Application Support/MiKTeX/texmfs/install/tex/l
atex/pgf/compatibility/pgfcomp-version-1-18.sty"
Package: pgfcomp-version-1-18 2007/07/23 v3.0.1a (rcs-revision 1.1)
))
("/Users/floorverhoeven/Library/Application Support/MiKTeX/texmfs/install/tex/l
atex/pgf/utilities/pgffor.sty"
("/Users/floorverhoeven/Library/Application Support/MiKTeX/texmfs/install/tex/l
atex/pgf/utilities/pgfkeys.sty"
("/Users/floorverhoeven/Library/Application Support/MiKTeX/texmfs/install/tex/g
eneric/pgf/utilities/pgfkeys.code.tex"))
("/Users/floorverhoeven/Library/Application Support/MiKTeX/texmfs/install/tex/l
atex/pgf/math/pgfmath.sty"
("/Users/floorverhoeven/Library/Application Support/MiKTeX/texmfs/install/tex/g
eneric/pgf/math/pgfmath.code.tex"))
("/Users/floorverhoeven/Library/Application Support/MiKTeX/texmfs/install/tex/g
eneric/pgf/utilities/pgffor.code.tex"
Package: pgffor 2013/12/13 v3.0.1a (rcs-revision 1.25)

("/Users/floorverhoeven/Library/Application Support/MiKTeX/texmfs/install/tex/g
eneric/pgf/math/pgfmath.code.tex")
\pgffor@iter=\dimen178
\pgffor@skip=\dimen179
\pgffor@stack=\toks42
\pgffor@toks=\toks43
))
("/Users/floorverhoeven/Library/Application Support/MiKTeX/texmfs/install/tex/g
eneric/pgf/frontendlayer/tikz/tikz.code.tex"
Package: tikz 2015/08/07 v3.0.1a (rcs-revision 1.151)

("/Users/floorverhoeven/Library/Application Support/MiKTeX/texmfs/install/tex/g
eneric/pgf/libraries/pgflibraryplothandlers.code.tex"
File: pgflibraryplothandlers.code.tex 2013/08/31 v3.0.1a (rcs-revision 1.20)
\pgf@plot@mark@count=\count131
\pgfplotmarksize=\dimen180
)
\tikz@lastx=\dimen181
\tikz@lasty=\dimen182
\tikz@lastxsaved=\dimen183
\tikz@lastysaved=\dimen184
\tikzleveldistance=\dimen185
\tikzsiblingdistance=\dimen186
\tikz@figbox=\box44
\tikz@figbox@bg=\box45
\tikz@tempbox=\box46
\tikz@tempbox@bg=\box47
\tikztreelevel=\count132
\tikznumberofchildren=\count133
\tikznumberofcurrentchild=\count134
\tikz@fig@count=\count135

("/Users/floorverhoeven/Library/Application Support/MiKTeX/texmfs/install/tex/g
eneric/pgf/modules/pgfmodulematrix.code.tex"
File: pgfmodulematrix.code.tex 2013/09/17  (rcs-revision 1.8)
\pgfmatrixcurrentrow=\count136
\pgfmatrixcurrentcolumn=\count137
\pgf@matrix@numberofcolumns=\count138
)
\tikz@expandcount=\count139

("/Users/floorverhoeven/Library/Application Support/MiKTeX/texmfs/install/tex/g
eneric/pgf/frontendlayer/tikz/libraries/tikzlibrarytopaths.code.tex"
File: tikzlibrarytopaths.code.tex 2008/06/17 v3.0.1a (rcs-revision 1.2)
)))
("/Users/floorverhoeven/Library/Application Support/MiKTeX/texmfs/install/tex/g
eneric/pgf/frontendlayer/tikz/libraries/tikzlibrarypositioning.code.tex"
File: tikzlibrarypositioning.code.tex 2008/10/06 v3.0.1a (rcs-revision 1.7)
)
\c@@todonotes@numberoftodonotes=\count140
)
("/Users/floorverhoeven/Library/Application Support/MiKTeX/texmfs/install/tex/l
atex/psnfss/times.sty"
Package: times 2005/04/12 PSNFSS-v9.2a (SPQR) 
)
("/Users/floorverhoeven/Library/Application Support/MiKTeX/texmfs/install/tex/l
atex/psnfss/helvet.sty"
Package: helvet 2005/04/12 PSNFSS-v9.2a (WaS) 
)
("/Users/floorverhoeven/Library/Application Support/MiKTeX/texmfs/install/tex/l
atex/base/fontenc.sty"
Package: fontenc 2017/04/05 v2.0i Standard LaTeX package

("/Users/floorverhoeven/Library/Application Support/MiKTeX/texmfs/install/tex/l
atex/base/t1enc.def"
File: t1enc.def 2017/04/05 v2.0i Standard LaTeX file
LaTeX Font Info:    Redeclaring font encoding T1 on input line 48.
))
("/Users/floorverhoeven/Library/Application Support/MiKTeX/texmfs/install/tex/l
atex/hyperref/hyperref.sty"
Package: hyperref 2018/02/06 v6.86b Hypertext links for LaTeX

("/Users/floorverhoeven/Library/Application Support/MiKTeX/texmfs/install/tex/g
eneric/oberdiek/hobsub-hyperref.sty"
Package: hobsub-hyperref 2016/05/16 v1.14 Bundle oberdiek, subset hyperref (HO)


("/Users/floorverhoeven/Library/Application Support/MiKTeX/texmfs/install/tex/g
eneric/oberdiek/hobsub-generic.sty"
Package: hobsub-generic 2016/05/16 v1.14 Bundle oberdiek, subset generic (HO)
Package: hobsub 2016/05/16 v1.14 Construct package bundles (HO)
Package hobsub Info: Skipping package `infwarerr' (already loaded).
Package hobsub Info: Skipping package `ltxcmds' (already loaded).
Package: ifluatex 2016/05/16 v1.4 Provides the ifluatex switch (HO)
Package ifluatex Info: LuaTeX not detected.
Package: ifvtex 2016/05/16 v1.6 Detect VTeX and its facilities (HO)
Package ifvtex Info: VTeX not detected.
Package: intcalc 2016/05/16 v1.2 Expandable calculations with integers (HO)
Package hobsub Info: Skipping package `ifpdf' (already loaded).
Package: etexcmds 2016/05/16 v1.6 Avoid name clashes with e-TeX commands (HO)
Package etexcmds Info: Could not find \expanded.
(etexcmds)             That can mean that you are not using pdfTeX 1.50 or
(etexcmds)             that some package has redefined \expanded.
(etexcmds)             In the latter case, load this package earlier.
Package: kvsetkeys 2016/05/16 v1.17 Key value parser (HO)
Package: kvdefinekeys 2016/05/16 v1.4 Define keys (HO)
Package: pdftexcmds 2018/01/21 v0.26 Utility functions of pdfTeX for LuaTeX (HO
)
Package pdftexcmds Info: LuaTeX not detected.
Package pdftexcmds Info: \pdf@primitive is available.
Package pdftexcmds Info: \pdf@ifprimitive is available.
Package pdftexcmds Info: \pdfdraftmode found.
Package: pdfescape 2016/05/16 v1.14 Implements pdfTeX's escape features (HO)
Package: bigintcalc 2016/05/16 v1.4 Expandable calculations on big integers (HO
)
Package: bitset 2016/05/16 v1.2 Handle bit-vector datatype (HO)
Package: uniquecounter 2016/05/16 v1.3 Provide unlimited unique counter (HO)
)
Package hobsub Info: Skipping package `hobsub' (already loaded).
Package: letltxmacro 2016/05/16 v1.5 Let assignment for LaTeX macros (HO)
Package: hopatch 2016/05/16 v1.3 Wrapper for package hooks (HO)
Package: xcolor-patch 2016/05/16 xcolor patch
Package: atveryend 2016/05/16 v1.9 Hooks at the very end of document (HO)
Package atveryend Info: \enddocument detected (standard20110627).
Package hobsub Info: Skipping package `atbegshi' (already loaded).
Package: refcount 2016/05/16 v3.5 Data extraction from label references (HO)
Package: hycolor 2016/05/16 v1.8 Color options for hyperref/bookmark (HO)
)
("/Users/floorverhoeven/Library/Application Support/MiKTeX/texmfs/install/tex/g
eneric/ifxetex/ifxetex.sty"
Package: ifxetex 2010/09/12 v0.6 Provides ifxetex conditional
)
("/Users/floorverhoeven/Library/Application Support/MiKTeX/texmfs/install/tex/l
atex/oberdiek/auxhook.sty"
Package: auxhook 2016/05/16 v1.4 Hooks for auxiliary files (HO)
)
("/Users/floorverhoeven/Library/Application Support/MiKTeX/texmfs/install/tex/l
atex/oberdiek/kvoptions.sty"
Package: kvoptions 2016/05/16 v3.12 Key value format for package options (HO)
)
\@linkdim=\dimen187
\Hy@linkcounter=\count141
\Hy@pagecounter=\count142

("/Users/floorverhoeven/Library/Application Support/MiKTeX/texmfs/install/tex/l
atex/hyperref/pd1enc.def"
File: pd1enc.def 2018/02/06 v6.86b Hyperref: PDFDocEncoding definition (HO)
)
\Hy@SavedSpaceFactor=\count143

("/Users/floorverhoeven/Library/Application Support/MiKTeX/texmfs/install/tex/l
atex/00miktex/hyperref.cfg"
File: hyperref.cfg 2002/06/06 v1.2 hyperref configuration of TeXLive
)

Package hyperref Warning: Option `a4paper' is no longer used.

Package hyperref Info: Option `bookmarks' set `true' on input line 4383.
Package hyperref Info: Option `bookmarksopen' set `true' on input line 4383.
Package hyperref Info: Option `bookmarksnumbered' set `true' on input line 4383
.
Package hyperref Info: Option `colorlinks' set `true' on input line 4383.
Package hyperref Info: Option `breaklinks' set `true' on input line 4383.
Package hyperref Info: Option `pageanchor' set `true' on input line 4383.
Package hyperref Info: Option `plainpages' set `false' on input line 4383.
Package hyperref Info: Option `pdfpagelabels' set `true' on input line 4383.
Package hyperref Info: Hyper figures OFF on input line 4509.
Package hyperref Info: Link nesting OFF on input line 4514.
Package hyperref Info: Hyper index ON on input line 4517.
Package hyperref Info: Plain pages OFF on input line 4524.
Package hyperref Info: Backreferencing OFF on input line 4529.
Package hyperref Info: Implicit mode ON; LaTeX internals redefined.
Package hyperref Info: Bookmarks ON on input line 4762.
\c@Hy@tempcnt=\count144
LaTeX Info: Redefining \url on input line 5115.
\XeTeXLinkMargin=\dimen188
\Fld@menulength=\count145
\Field@Width=\dimen189
\Fld@charsize=\dimen190
Package hyperref Info: Hyper figures OFF on input line 6369.
Package hyperref Info: Link nesting OFF on input line 6374.
Package hyperref Info: Hyper index ON on input line 6377.
Package hyperref Info: backreferencing OFF on input line 6384.
Package hyperref Info: Link coloring ON on input line 6387.
Package hyperref Info: Link coloring with OCG OFF on input line 6394.
Package hyperref Info: PDF/A mode OFF on input line 6399.
LaTeX Info: Redefining \ref on input line 6439.
LaTeX Info: Redefining \pageref on input line 6443.
\Hy@abspage=\count146
\c@Item=\count147
\c@Hfootnote=\count148
)
Package hyperref Info: Driver: hpdftex.

("/Users/floorverhoeven/Library/Application Support/MiKTeX/texmfs/install/tex/l
atex/hyperref/hpdftex.def"
File: hpdftex.def 2018/02/06 v6.86b Hyperref driver for pdfTeX
\Fld@listcount=\count149
\c@bookmark@seq@number=\count150

("/Users/floorverhoeven/Library/Application Support/MiKTeX/texmfs/install/tex/l
atex/oberdiek/rerunfilecheck.sty"
Package: rerunfilecheck 2016/05/16 v1.8 Rerun checks for auxiliary files (HO)
Package uniquecounter Info: New unique counter `rerunfilecheck' on input line 2
82.
)
\Hy@SectionHShift=\skip77
) (preamble.tex) (bibpre.tex
\bibhang=\skip78
) (thesis.aux
(abstract.aux) (ch01-introduction.aux) (ch02-related-work.aux)
(ch03-system-description.aux) (ch04-results.aux) (ch05-conclusion.aux))
\openout1 = `thesis.aux'.

LaTeX Font Info:    Checking defaults for OML/cmm/m/it on input line 80.
LaTeX Font Info:    ... okay on input line 80.
LaTeX Font Info:    Checking defaults for T1/cmr/m/n on input line 80.
LaTeX Font Info:    ... okay on input line 80.
LaTeX Font Info:    Checking defaults for OT1/cmr/m/n on input line 80.
LaTeX Font Info:    ... okay on input line 80.
LaTeX Font Info:    Checking defaults for OMS/cmsy/m/n on input line 80.
LaTeX Font Info:    ... okay on input line 80.
LaTeX Font Info:    Checking defaults for OMX/cmex/m/n on input line 80.
LaTeX Font Info:    ... okay on input line 80.
LaTeX Font Info:    Checking defaults for U/cmr/m/n on input line 80.
LaTeX Font Info:    ... okay on input line 80.
LaTeX Font Info:    Checking defaults for PD1/pdf/m/n on input line 80.
LaTeX Font Info:    ... okay on input line 80.
LaTeX Font Info:    Try loading font information for T1+ptm on input line 80.

("/Users/floorverhoeven/Library/Application Support/MiKTeX/texmfs/install/tex/l
atex/psnfss/t1ptm.fd"
File: t1ptm.fd 2001/06/04 font definitions for T1/ptm.
)
Package caption Info: Begin \AtBeginDocument code.
Package caption Info: hyperref package is loaded.
Package caption Info: rotating package is loaded.
Package caption Info: End \AtBeginDocument code.

("/Users/floorverhoeven/Library/Application Support/MiKTeX/texmfs/install/tex/c
ontext/base/supp-pdf.mkii"
[Loading MPS to PDF converter (version 2006.09.02).]
\scratchcounter=\count151
\scratchdimen=\dimen191
\scratchbox=\box48
\nofMPsegments=\count152
\nofMParguments=\count153
\everyMPshowfont=\toks44
\MPscratchCnt=\count154
\MPscratchDim=\dimen192
\MPnumerator=\count155
\makeMPintoPDFobject=\count156
\everyMPtoPDFconversion=\toks45
)
("/Users/floorverhoeven/Library/Application Support/MiKTeX/texmfs/install/tex/l
atex/oberdiek/epstopdf-base.sty"
Package: epstopdf-base 2016/05/15 v2.6 Base part for package epstopdf

("/Users/floorverhoeven/Library/Application Support/MiKTeX/texmfs/install/tex/l
atex/oberdiek/grfext.sty"
Package: grfext 2016/05/16 v1.2 Manage graphics extensions (HO)
)
Package epstopdf-base Info: Redefining graphics rule for `.eps' on input line 4
38.
Package grfext Info: Graphics extension search list:
(grfext)             [.pdf,.png,.eps]
(grfext)             \AppendGraphicsExtensions on input line 456.
)
\AtBeginShipoutBox=\box49

("/Users/floorverhoeven/Library/Application Support/MiKTeX/texmfs/install/tex/l
atex/oberdiek/pdflscape.sty"
Package: pdflscape 2016/05/14 v0.11 Display of landscape pages in PDF (HO)

("/Users/floorverhoeven/Library/Application Support/MiKTeX/texmfs/install/tex/l
atex/graphics/lscape.sty"
Package: lscape 2000/10/22 v3.01 Landscape Pages (DPC)
)) ABD: EveryShipout initializing macros
Package hyperref Info: Link coloring ON on input line 80.

("/Users/floorverhoeven/Library/Application Support/MiKTeX/texmfs/install/tex/l
atex/hyperref/nameref.sty"
Package: nameref 2016/05/21 v2.44 Cross-referencing by name of section

("/Users/floorverhoeven/Library/Application Support/MiKTeX/texmfs/install/tex/g
eneric/oberdiek/gettitlestring.sty"
Package: gettitlestring 2016/05/16 v1.5 Cleanup title references (HO)
)
\c@section@level=\count157
)
LaTeX Info: Redefining \ref on input line 80.
LaTeX Info: Redefining \pageref on input line 80.
LaTeX Info: Redefining \nameref on input line 80.
 (thesis.out) (thesis.out)
\@outlinefile=\write4
\openout4 = `thesis.out'.


(studchapter.tex)
LaTeX Font Info:    Font shape `T1/ptm/bx/n' in size <24.88> not available
(Font)              Font shape `T1/ptm/b/n' tried instead on input line 117.
LaTeX Font Info:    Try loading font information for T1+phv on input line 117.

("/Users/floorverhoeven/Library/Application Support/MiKTeX/texmfs/install/tex/l
atex/psnfss/t1phv.fd"
File: t1phv.fd 2001/06/04 scalable font definitions for T1/phv.
)
LaTeX Font Info:    Font shape `T1/phv/bx/n' in size <24.88> not available
(Font)              Font shape `T1/phv/b/n' tried instead on input line 117.
<figures/vr_front_img.png, id=122, 2749.27126pt x 2472.23625pt>
File: figures/vr_front_img.png Graphic file (type png)
<use figures/vr_front_img.png>
Package pdftex.def Info: figures/vr_front_img.png  used on input line 118.
(pdftex.def)             Requested size: 273.1835pt x 245.65373pt.
LaTeX Font Info:    Font shape `T1/phv/m/it' in size <14.4> not available
(Font)              Font shape `T1/phv/m/sl' tried instead on input line 129.


pdfTeX warning: pdflatex (file ./figures/ETH_logo.pdf): PDF inclusion: found PD
F version <1.7>, but at most version <1.5> allowed
<figures/ETH_logo.pdf, id=125, 8833.0pt x 2366.8425pt>
File: figures/ETH_logo.pdf Graphic file (type pdf)
<use figures/ETH_logo.pdf>
Package pdftex.def Info: figures/ETH_logo.pdf  used on input line 133.
(pdftex.def)             Requested size: 136.59175pt x 36.58455pt.
<figures/IGL_logo.pdf, id=127, 706.64098pt x 402.44653pt>
File: figures/IGL_logo.pdf Graphic file (type pdf)
<use figures/IGL_logo.pdf>
Package pdftex.def Info: figures/IGL_logo.pdf  used on input line 134.
(pdftex.def)             Requested size: 91.05884pt x 51.85931pt.
[1


{/Users/floorverhoeven/Library/Application Support/MiKTeX/texmfs/data/pdftex/co
nfig/pdftex.map} <./figures/vr_front_img.png> <./figures/ETH_logo.pdf> <./figur
es/IGL_logo.pdf>] [2

]
\openout2 = `abstract.aux'.

 (abstract.tex
LaTeX Font Info:    Font shape `T1/phv/bx/n' in size <12> not available
(Font)              Font shape `T1/phv/b/n' tried instead on input line 1.

Overfull \hbox (7.46252pt too wide) in paragraph at lines 5--6
[]\T1/ptm/m/n/12 The developed system is based off the sketch-based modeling to
ol FiberMesh [[]]
 []

[1


] [2

])
<Thesis_task_description.pdf, id=187, 597.50829pt x 845.0471pt>
File: Thesis_task_description.pdf Graphic file (type pdf)
<use Thesis_task_description.pdf>
Package pdftex.def Info: Thesis_task_description.pdf  used on input line 149.
(pdftex.def)             Requested size: 597.50682pt x 845.04504pt.
File: Thesis_task_description.pdf Graphic file (type pdf)
<use Thesis_task_description.pdf>
Package pdftex.def Info: Thesis_task_description.pdf  used on input line 149.
(pdftex.def)             Requested size: 597.50682pt x 845.04504pt.
File: Thesis_task_description.pdf Graphic file (type pdf)
<use Thesis_task_description.pdf>
Package pdftex.def Info: Thesis_task_description.pdf  used on input line 149.
(pdftex.def)             Requested size: 597.50682pt x 845.04504pt.
<Thesis_task_description.pdf, id=191, page=1, 597.50829pt x 845.0471pt>
File: Thesis_task_description.pdf Graphic file (type pdf)
<use Thesis_task_description.pdf, page 1>
Package pdftex.def Info: Thesis_task_description.pdf , page1 used on input line
 149.
(pdftex.def)             Requested size: 597.50682pt x 845.04504pt.
File: Thesis_task_description.pdf Graphic file (type pdf)
<use Thesis_task_description.pdf, page 1>
Package pdftex.def Info: Thesis_task_description.pdf , page1 used on input line
 149.
(pdftex.def)             Requested size: 597.53416pt x 845.08372pt.
File: Thesis_task_description.pdf Graphic file (type pdf)
<use Thesis_task_description.pdf, page 1>
Package pdftex.def Info: Thesis_task_description.pdf , page1 used on input line
 149.
(pdftex.def)             Requested size: 597.53416pt x 845.08372pt.
File: Thesis_task_description.pdf Graphic file (type pdf)
<use Thesis_task_description.pdf, page 1>
Package pdftex.def Info: Thesis_task_description.pdf , page1 used on input line
 149.
(pdftex.def)             Requested size: 597.53416pt x 845.08372pt.
File: Thesis_task_description.pdf Graphic file (type pdf)
<use Thesis_task_description.pdf, page 1>
Package pdftex.def Info: Thesis_task_description.pdf , page1 used on input line
 149.
(pdftex.def)             Requested size: 597.53416pt x 845.08372pt.
 [3


 <./Thesis_task_description.pdf>]
<Thesis_task_description.pdf, id=238, page=2, 597.50829pt x 845.0471pt>
File: Thesis_task_description.pdf Graphic file (type pdf)
<use Thesis_task_description.pdf, page 2>
Package pdftex.def Info: Thesis_task_description.pdf , page2 used on input line
 149.
(pdftex.def)             Requested size: 597.53416pt x 845.08372pt.
File: Thesis_task_description.pdf Graphic file (type pdf)
<use Thesis_task_description.pdf, page 2>
Package pdftex.def Info: Thesis_task_description.pdf , page2 used on input line
 149.
(pdftex.def)             Requested size: 597.53416pt x 845.08372pt.
File: Thesis_task_description.pdf Graphic file (type pdf)
<use Thesis_task_description.pdf, page 2>
Package pdftex.def Info: Thesis_task_description.pdf , page2 used on input line
 149.
(pdftex.def)             Requested size: 597.53416pt x 845.08372pt.
 [4 <./Thesis_task_description.pdf>]

pdfTeX warning: pdflatex (file ./declaration-originality.pdf): PDF inclusion: f
ound PDF version <1.6>, but at most version <1.5> allowed
<declaration-originality.pdf, id=243, 597.55246pt x 845.07718pt>
File: declaration-originality.pdf Graphic file (type pdf)
<use declaration-originality.pdf>
Package pdftex.def Info: declaration-originality.pdf  used on input line 150.
(pdftex.def)             Requested size: 597.551pt x 845.07512pt.


pdfTeX warning: pdflatex (file ./declaration-originality.pdf): PDF inclusion: f
ound PDF version <1.6>, but at most version <1.5> allowed
File: declaration-originality.pdf Graphic file (type pdf)
<use declaration-originality.pdf>
Package pdftex.def Info: declaration-originality.pdf  used on input line 150.
(pdftex.def)             Requested size: 597.551pt x 845.07512pt.


pdfTeX warning: pdflatex (file ./declaration-originality.pdf): PDF inclusion: f
ound PDF version <1.6>, but at most version <1.5> allowed


pdfTeX warning: pdflatex (file ./declaration-originality.pdf): PDF inclusion: f
ound PDF version <1.6>, but at most version <1.5> allowed
<declaration-originality.pdf, id=246, page=1, 597.55246pt x 845.07718pt>
File: declaration-originality.pdf Graphic file (type pdf)
<use declaration-originality.pdf, page 1>
Package pdftex.def Info: declaration-originality.pdf , page1 used on input line
 150.
(pdftex.def)             Requested size: 597.551pt x 845.07512pt.
File: declaration-originality.pdf Graphic file (type pdf)
<use declaration-originality.pdf, page 1>
Package pdftex.def Info: declaration-originality.pdf , page1 used on input line
 150.
(pdftex.def)             Requested size: 597.57834pt x 845.1138pt.
File: declaration-originality.pdf Graphic file (type pdf)
<use declaration-originality.pdf, page 1>
Package pdftex.def Info: declaration-originality.pdf , page1 used on input line
 150.
(pdftex.def)             Requested size: 597.57834pt x 845.1138pt.
File: declaration-originality.pdf Graphic file (type pdf)
<use declaration-originality.pdf, page 1>
Package pdftex.def Info: declaration-originality.pdf , page1 used on input line
 150.
(pdftex.def)             Requested size: 597.57834pt x 845.1138pt.
File: declaration-originality.pdf Graphic file (type pdf)
<use declaration-originality.pdf, page 1>
Package pdftex.def Info: declaration-originality.pdf , page1 used on input line
 150.
(pdftex.def)             Requested size: 597.57834pt x 845.1138pt.
[5 <./declaration-originality.pdf>] [6

] (thesis.toc
LaTeX Font Info:    Try loading font information for U+msa on input line 5.

("/Users/floorverhoeven/Library/Application Support/MiKTeX/texmfs/install/tex/l
atex/amsfonts/umsa.fd"
File: umsa.fd 2013/01/14 v3.01 AMS symbols A
)
LaTeX Font Info:    Try loading font information for U+msb on input line 5.

("/Users/floorverhoeven/Library/Application Support/MiKTeX/texmfs/install/tex/l
atex/amsfonts/umsb.fd"
File: umsb.fd 2013/01/14 v3.01 AMS symbols B
) [7

])
\tf@toc=\write5
\openout5 = `thesis.toc'.

 [8] (thesis.lof)
\tf@lof=\write6
\openout6 = `thesis.lof'.

 [9


] [10

] (thesis.lot)
\tf@lot=\write7
\openout7 = `thesis.lot'.

 [11

]
[12

]
\openout2 = `ch01-introduction.aux'.

 (ch01-introduction.tex
chapter 1.

Overfull \hbox (1.69035pt too wide) in paragraph at lines 6--8
\T1/ptm/m/n/12 content due to the digitalization of movie-making, fabrication, 
engineering, architecture, product
 []


Underfull \vbox (badness 10000) has occurred while \output is active []

LaTeX Font Info:    Font shape `T1/phv/bx/n' in size <100> not available
(Font)              Font shape `T1/phv/b/n' tried instead on input line 14.

Overfull \hbox (2.28004pt too wide) has occurred while \output is active
[]|[] []
 []


Overfull \vbox (459.06232pt too high) has occurred while \output is active []

pdfTeX warning (ext4): destination with the same identifier (name{page.1}) has 
been already used, duplicate ignored
<to be read again> 
                   \relax 
l.14 
      [1


])pdfTeX warning (ext4): destination with the same identifier (name{page.2}) ha
s been already used, duplicate ignored
<to be read again> 
                   \relax 
l.177 \include{ch01-introduction}
                                  [2]
\openout2 = `ch02-related-work.aux'.

 (ch02-related-work.tex
chapter 2.
LaTeX Font Info:    Font shape `T1/phv/bx/n' in size <17.28> not available
(Font)              Font shape `T1/phv/b/n' tried instead on input line 8.
LaTeX Font Info:    Font shape `T1/phv/bx/n' in size <14.4> not available
(Font)              Font shape `T1/phv/b/n' tried instead on input line 13.

Overfull \hbox (43.78542pt too wide) in paragraph at lines 15--16
\T1/ptm/m/n/12 FiberMesh is a system that allows modeling freeform surfaces by 
drawing 3D curves [[]].
 []


Overfull \hbox (2.28004pt too wide) has occurred while \output is active
[]|[] []
 []


Overfull \vbox (459.06232pt too high) has occurred while \output is active []


[3



]
Overfull \hbox (12.1784pt too wide) in paragraph at lines 19--20
[]\T1/ptm/m/n/12 For curve deformation they used a detail-preserving deformatio
n method that combines differential
 []


Overfull \hbox (31.23178pt too wide) detected at line 23
[] [] [] []
 []

[4] [5]
<figures/TiltBrush_StarryNight.png, id=443, 2264.46pt x 1016.79875pt>
File: figures/TiltBrush_StarryNight.png Graphic file (type png)
<use figures/TiltBrush_StarryNight.png>
Package pdftex.def Info: figures/TiltBrush_StarryNight.png  used on input line 
84.
(pdftex.def)             Requested size: 330.54773pt x 148.41725pt.
<figures/Tilt_menu2.png, id=444, 356.33125pt x 339.2675pt>
File: figures/Tilt_menu2.png Graphic file (type png)
<use figures/Tilt_menu2.png>
Package pdftex.def Info: figures/Tilt_menu2.png  used on input line 91.
(pdftex.def)             Requested size: 159.3582pt x 151.72678pt.
<figures/Tilt_menu1.png, id=445, 356.33125pt x 339.2675pt>
File: figures/Tilt_menu1.png Graphic file (type png)
<use figures/Tilt_menu1.png>
Package pdftex.def Info: figures/Tilt_menu1.png  used on input line 92.
(pdftex.def)             Requested size: 159.3582pt x 151.72678pt.
LaTeX Font Info:    Font shape `T1/ptm/bx/sl' in size <10.95> not available
(Font)              Font shape `T1/ptm/b/sl' tried instead on input line 98.
<figures/medium_goro_fujita.png, id=449, 1414.28375pt x 1414.28375pt>
File: figures/medium_goro_fujita.png Graphic file (type png)
<use figures/medium_goro_fujita.png>
Package pdftex.def Info: figures/medium_goro_fujita.png  used on input line 110
.
(pdftex.def)             Requested size: 159.3582pt x 159.34822pt.
<figures/medium_goro_fujita2.png, id=450, 963.6pt x 963.6pt>
File: figures/medium_goro_fujita2.png Graphic file (type png)
<use figures/medium_goro_fujita2.png>
Package pdftex.def Info: figures/medium_goro_fujita2.png  used on input line 11
1.
(pdftex.def)             Requested size: 159.3582pt x 159.35472pt.
<figures/medium_interface1.png, id=451, 423.5825pt x 252.945pt>
File: figures/medium_interface1.png Graphic file (type png)
<use figures/medium_interface1.png>
Package pdftex.def Info: figures/medium_interface1.png  used on input line 119.

(pdftex.def)             Requested size: 159.3582pt x 95.15904pt.
<figures/medium_interface2.png, id=452, 423.5825pt x 252.945pt>
File: figures/medium_interface2.png Graphic file (type png)
<use figures/medium_interface2.png>
Package pdftex.def Info: figures/medium_interface2.png  used on input line 120.

(pdftex.def)             Requested size: 159.3582pt x 95.15904pt.


LaTeX Warning: `!h' float specifier changed to `!ht'.


Overfull \hbox (16.64189pt too wide) in paragraph at lines 130--131
\T1/ptm/m/n/12 reference images or models into the program, which can greatly s
implify modeling. MasterpieceVR
 []

[6]
<figures/MasterpieceVR_Vladimir_Ilic.png, id=459, 392.46625pt x 554.07pt>
File: figures/MasterpieceVR_Vladimir_Ilic.png Graphic file (type png)
<use figures/MasterpieceVR_Vladimir_Ilic.png>
Package pdftex.def Info: figures/MasterpieceVR_Vladimir_Ilic.png  used on input
 line 136.
(pdftex.def)             Requested size: 159.3582pt x 224.98047pt.
<figures/MasterpieceVR_interface.png, id=460, 880.79062pt x 495.35063pt>
File: figures/MasterpieceVR_interface.png Graphic file (type png)
<use figures/MasterpieceVR_interface.png>
Package pdftex.def Info: figures/MasterpieceVR_interface.png  used on input lin
e 137.
(pdftex.def)             Requested size: 227.6506pt x 128.02472pt.


LaTeX Warning: `!h' float specifier changed to `!ht'.


Underfull \vbox (badness 10000) has occurred while \output is active []

 [7 <./figures/TiltBrush_StarryNight.png> <./figures/Tilt_menu2.png> <./figures
/Tilt_menu1.png>]
<figures/blocks_anglerfish.png, id=473, 963.6pt x 542.025pt>
File: figures/blocks_anglerfish.png Graphic file (type png)
<use figures/blocks_anglerfish.png>
Package pdftex.def Info: figures/blocks_anglerfish.png  used on input line 153.

(pdftex.def)             Requested size: 221.73146pt x 124.72101pt.
<figures/blocks_interface.png, id=474, 963.6pt x 542.025pt>
File: figures/blocks_interface.png Graphic file (type png)
<use figures/blocks_interface.png>
Package pdftex.def Info: figures/blocks_interface.png  used on input line 154.
(pdftex.def)             Requested size: 221.73146pt x 124.72101pt.


LaTeX Warning: `!h' float specifier changed to `!ht'.

) [8 <./figures/medium_goro_fujita.png> <./figures/medium_goro_fujita2.png> <./
figures/medium_interface1.png> <./figures/medium_interface2.png>] [9 <./figures
/MasterpieceVR_Vladimir_Ilic.png> <./figures/MasterpieceVR_interface.png> <./fi
gures/blocks_anglerfish.png> <./figures/blocks_interface.png>]
\openout2 = `ch03-system-description.aux'.


(ch03-system-description.tex [10



]
chapter 3.

Overfull \hbox (3.65854pt too wide) in paragraph at lines 3--4
\T1/ptm/m/n/12 Specifically the software is developed for use with the Oculus R
ift including one Touch controller
 []


Overfull \hbox (33.68259pt too wide) in paragraph at lines 6--7
\T1/ptm/m/n/12 additional control curves and deform control curves on the mesh.
 Unlike in FiberMesh, SketchMeshVR
 []


Overfull \hbox (2.28004pt too wide) has occurred while \output is active
[]|[] []
 []


Overfull \vbox (459.06232pt too high) has occurred while \output is active []


[11]
Overfull \hbox (8.73349pt too wide) in paragraph at lines 12--13
[]\T1/ptm/m/n/12 Due to the direct availability of the actual 3D coordinates, s
ome changes were made in comparison
 []


Overfull \hbox (1.97806pt too wide) in paragraph at lines 17--19
[]\T1/ptm/m/n/12 Headset movement will result in a changing view matrix, as the
 position of the headset represents
 []

<figures/pre_draw.png, id=501, 1927.2pt x 1084.05pt>
File: figures/pre_draw.png Graphic file (type png)
<use figures/pre_draw.png>
Package pdftex.def Info: figures/pre_draw.png  used on input line 24.
(pdftex.def)             Requested size: 204.88414pt x 115.24287pt.
<figures/during_draw.png, id=502, 1927.2pt x 1084.05pt>
File: figures/during_draw.png Graphic file (type png)
<use figures/during_draw.png>
Package pdftex.def Info: figures/during_draw.png  used on input line 25.
(pdftex.def)             Requested size: 204.88414pt x 115.24287pt.
<figures/post_draw.png, id=503, 1927.2pt x 1084.05pt>
File: figures/post_draw.png Graphic file (type png)
<use figures/post_draw.png>
Package pdftex.def Info: figures/post_draw.png  used on input line 32.
(pdftex.def)             Requested size: 421.60658pt x 237.1519pt.

LaTeX Warning: `!h' float specifier changed to `!ht'.

<figures/pre_add.png, id=506, 1927.2pt x 1084.05pt>
File: figures/pre_add.png Graphic file (type png)
<use figures/pre_add.png>
Package pdftex.def Info: figures/pre_add.png  used on input line 49.
(pdftex.def)             Requested size: 204.88414pt x 115.24287pt.
<figures/during_add.png, id=507, 1927.2pt x 1084.05pt>
File: figures/during_add.png Graphic file (type png)
<use figures/during_add.png>
Package pdftex.def Info: figures/during_add.png  used on input line 50.
(pdftex.def)             Requested size: 204.88414pt x 115.24287pt.
<figures/post_add.png, id=508, 1927.2pt x 1084.05pt>
File: figures/post_add.png Graphic file (type png)
<use figures/post_add.png>
Package pdftex.def Info: figures/post_add.png  used on input line 57.
(pdftex.def)             Requested size: 421.60658pt x 237.1519pt.

LaTeX Warning: `!h' float specifier changed to `!ht'.

<figures/pre_remove.png, id=509, 1927.2pt x 1084.05pt>
File: figures/pre_remove.png Graphic file (type png)
<use figures/pre_remove.png>
Package pdftex.def Info: figures/pre_remove.png  used on input line 69.
(pdftex.def)             Requested size: 204.88414pt x 115.24287pt.
<figures/during_remove.png, id=510, 1927.2pt x 1084.05pt>
File: figures/during_remove.png Graphic file (type png)
<use figures/during_remove.png>
Package pdftex.def Info: figures/during_remove.png  used on input line 70.
(pdftex.def)             Requested size: 204.88414pt x 115.24287pt.
<figures/post_remove.png, id=511, 1927.2pt x 1084.05pt>
File: figures/post_remove.png Graphic file (type png)
<use figures/post_remove.png>
Package pdftex.def Info: figures/post_remove.png  used on input line 77.
(pdftex.def)             Requested size: 421.60658pt x 237.1519pt.

LaTeX Warning: `!h' float specifier changed to `!ht'.

[12]
Underfull \vbox (badness 3428) has occurred while \output is active []

 [13 <./figures/pre_draw.png> <./figures/during_draw.png> <./figures/post_draw.
png>]
[14 <./figures/pre_add.png> <./figures/during_add.png> <./figures/post_add.png>
]
Underfull \vbox (badness 10000) has occurred while \output is active []

 [15 <./figures/pre_remove.png> <./figures/during_remove.png> <./figures/post_r
emove.png>]
<figures/pre_cut.png, id=531, 1927.2pt x 1084.05pt>
File: figures/pre_cut.png Graphic file (type png)
<use figures/pre_cut.png>
Package pdftex.def Info: figures/pre_cut.png  used on input line 102.
(pdftex.def)             Requested size: 204.88414pt x 115.24287pt.
<figures/during_cut.png, id=532, 1927.2pt x 1084.05pt>
File: figures/during_cut.png Graphic file (type png)
<use figures/during_cut.png>
Package pdftex.def Info: figures/during_cut.png  used on input line 103.
(pdftex.def)             Requested size: 204.88414pt x 115.24287pt.
<figures/post_cut.png, id=533, 1927.2pt x 1084.05pt>
File: figures/post_cut.png Graphic file (type png)
<use figures/post_cut.png>
Package pdftex.def Info: figures/post_cut.png  used on input line 110.
(pdftex.def)             Requested size: 421.60658pt x 237.1519pt.
Package hyperref Info: bookmark level for unknown todo defaults to 0 on input l
ine 117.
<figures/schematic_error_cut1.png, id=534, 570.13pt x 598.235pt>
File: figures/schematic_error_cut1.png Graphic file (type png)
<use figures/schematic_error_cut1.png>
Package pdftex.def Info: figures/schematic_error_cut1.png  used on input line 1
22.
(pdftex.def)             Requested size: 227.6506pt x 238.86986pt.

LaTeX Warning: `!h' float specifier changed to `!ht'.

[16 <./figures/pre_cut.png> <./figures/during_cut.png> <./figures/post_cut.png>
]
Overfull \hbox (11.08575pt too wide) in paragraph at lines 131--132
\T1/ptm/m/n/12 This can give problems when projecting the silhouette points to 
2D in preparation for triangulation.
 []

<figures/pre_extrude.png, id=541, 1927.2pt x 1084.05pt>
File: figures/pre_extrude.png Graphic file (type png)
<use figures/pre_extrude.png>
Package pdftex.def Info: figures/pre_extrude.png  used on input line 137.
(pdftex.def)             Requested size: 204.88414pt x 115.24287pt.
<figures/during_extrude2.png, id=542, 1927.2pt x 1084.05pt>
File: figures/during_extrude2.png Graphic file (type png)
<use figures/during_extrude2.png>
Package pdftex.def Info: figures/during_extrude2.png  used on input line 138.
(pdftex.def)             Requested size: 204.88414pt x 115.24287pt.
<figures/post_extrude.png, id=543, 1927.2pt x 1084.05pt>
File: figures/post_extrude.png Graphic file (type png)
<use figures/post_extrude.png>
Package pdftex.def Info: figures/post_extrude.png  used on input line 145.
(pdftex.def)             Requested size: 421.60658pt x 237.1519pt.

LaTeX Warning: `!h' float specifier changed to `!ht'.

<figures/error_extrusion.png, id=544, 1927.2pt x 1084.05pt>
File: figures/error_extrusion.png Graphic file (type png)
<use figures/error_extrusion.png>
Package pdftex.def Info: figures/error_extrusion.png  used on input line 155.
(pdftex.def)             Requested size: 330.54773pt x 185.92365pt.

LaTeX Warning: `!h' float specifier changed to `!ht'.


Underfull \vbox (badness 10000) has occurred while \output is active []

 [17 <./figures/schematic_error_cut1.png>]
Underfull \vbox (badness 3428) has occurred while \output is active []

 [18 <./figures/pre_extrude.png> <./figures/during_extrude2.png> <./figures/pos
t_extrude.png>]
<figures/pre_pull.png, id=556, 1927.2pt x 1084.05pt>
File: figures/pre_pull.png Graphic file (type png)
<use figures/pre_pull.png>
Package pdftex.def Info: figures/pre_pull.png  used on input line 169.
(pdftex.def)             Requested size: 204.88414pt x 115.24287pt.
<figures/during_pull.png, id=557, 1927.2pt x 1084.05pt>
File: figures/during_pull.png Graphic file (type png)
<use figures/during_pull.png>
Package pdftex.def Info: figures/during_pull.png  used on input line 170.
(pdftex.def)             Requested size: 204.88414pt x 115.24287pt.
<figures/post_pull.png, id=558, 1927.2pt x 1084.05pt>
File: figures/post_pull.png Graphic file (type png)
<use figures/post_pull.png>
Package pdftex.def Info: figures/post_pull.png  used on input line 177.
(pdftex.def)             Requested size: 421.60658pt x 237.1519pt.


LaTeX Warning: `!h' float specifier changed to `!ht'.

[19 <./figures/error_extrusion.png>]
<figures/touch_controllers.png, id=564, 875.27pt x 400.49625pt>
File: figures/touch_controllers.png Graphic file (type png)
<use figures/touch_controllers.png>
Package pdftex.def Info: figures/touch_controllers.png  used on input line 192.

(pdftex.def)             Requested size: 330.54773pt x 151.24904pt.


LaTeX Warning: `!h' float specifier changed to `!ht'.

[20 <./figures/pre_pull.png> <./figures/during_pull.png> <./figures/post_pull.p
ng>] [21 <./figures/touch_controllers.png>]) [22]
\openout2 = `ch04-results.aux'.

 (ch04-results.tex
chapter 4.
<figures/interface_point.png, id=580, 682.55pt x 742.775pt>
File: figures/interface_point.png Graphic file (type png)
<use figures/interface_point.png>
Package pdftex.def Info: figures/interface_point.png  used on input line 11.
(pdftex.def)             Requested size: 136.59175pt x 148.64304pt.
<figures/interface_ray.png, id=581, 682.55pt x 742.775pt>
File: figures/interface_ray.png Graphic file (type png)
<use figures/interface_ray.png>
Package pdftex.def Info: figures/interface_ray.png  used on input line 12.
(pdftex.def)             Requested size: 136.59175pt x 148.64304pt.

LaTeX Warning: `!h' float specifier changed to `!ht'.


Overfull \hbox (2.28004pt too wide) has occurred while \output is active
[]|[] []
 []


Overfull \vbox (459.06232pt too high) has occurred while \output is active []


[23



]
<figures/example_model_figure.png, id=591, 500.87125pt x 830.10126pt>
File: figures/example_model_figure.png Graphic file (type png)
<use figures/example_model_figure.png>
Package pdftex.def Info: figures/example_model_figure.png  used on input line 3
3.
(pdftex.def)             Requested size: 136.59175pt x 226.37227pt.
<figures/results_teddy_model1.png, id=592, 396.48125pt x 569.12625pt>
File: figures/results_teddy_model1.png Graphic file (type png)
<use figures/results_teddy_model1.png>
Package pdftex.def Info: figures/results_teddy_model1.png  used on input line 3
4.
(pdftex.def)             Requested size: 136.59175pt x 196.07088pt.
<figures/results_teddy_model_nonVR.png, id=593, 461.725pt x 624.3325pt>
File: figures/results_teddy_model_nonVR.png Graphic file (type png)
<use figures/results_teddy_model_nonVR.png>
Package pdftex.def Info: figures/results_teddy_model_nonVR.png  used on input l
ine 35.
(pdftex.def)             Requested size: 136.59175pt x 184.69092pt.


LaTeX Warning: `!h' float specifier changed to `!ht'.

<figures/example_model_dolphin.png, id=594, 636.3775pt x 392.46625pt>
File: figures/example_model_dolphin.png Graphic file (type png)
<use figures/example_model_dolphin.png>
Package pdftex.def Info: figures/example_model_dolphin.png  used on input line 
51.
(pdftex.def)             Requested size: 136.59175pt x 84.23486pt.
<figures/results_dolphin_model.png, id=595, 432.61626pt x 275.0275pt>
File: figures/results_dolphin_model.png Graphic file (type png)
<use figures/results_dolphin_model.png>
Package pdftex.def Info: figures/results_dolphin_model.png  used on input line 
52.
(pdftex.def)             Requested size: 136.59175pt x 86.83556pt.
<figures/results_dolphin_model_nonVR.png, id=596, 733.74126pt x 451.6875pt>
File: figures/results_dolphin_model_nonVR.png Graphic file (type png)
<use figures/results_dolphin_model_nonVR.png>
Package pdftex.def Info: figures/results_dolphin_model_nonVR.png  used on input
 line 53.
(pdftex.def)             Requested size: 136.59175pt x 84.08467pt.

LaTeX Warning: `!h' float specifier changed to `!ht'.

)
Underfull \vbox (badness 10000) has occurred while \output is active []

 [24 <./figures/interface_point.png> <./figures/interface_ray.png>] [25 <./figu
res/example_model_figure.png> <./figures/results_teddy_model1.png> <./figures/r
esults_teddy_model_nonVR.png> <./figures/example_model_dolphin.png (PNG copy)> 
<./figures/results_dolphin_model.png> <./figures/results_dolphin_model_nonVR.pn
g>]
\openout2 = `ch05-conclusion.aux'.


(ch05-conclusion.tex [26



]
chapter 5.

Overfull \hbox (10.94257pt too wide) in paragraph at lines 9--10
[]\T1/ptm/m/n/12 Additionally, the quality of the created meshes could greatly 
be improved by applying intermediate
 []


Overfull \hbox (0.77766pt too wide) in paragraph at lines 11--12
[]\T1/ptm/m/n/12 Final possibilities for improvements to the software lie in im
proving the interface. Implementing
 []


Underfull \vbox (badness 1442) has occurred while \output is active []


Overfull \hbox (2.28004pt too wide) has occurred while \output is active
[]|[] []
 []


Overfull \vbox (459.06232pt too high) has occurred while \output is active []


[27]
<figures/blocks_tool.png, id=622, 1122.1925pt x 1287.81125pt>
File: figures/blocks_tool.png Graphic file (type png)
<use figures/blocks_tool.png>
Package pdftex.def Info: figures/blocks_tool.png  used on input line 15.
(pdftex.def)             Requested size: 136.59175pt x 156.73152pt.

Overfull \hbox (4.10143pt too wide) in paragraph at lines 21--22
\T1/ptm/m/n/12 transfers the concept of sketch-based modeling to VR by letting 
the user define model silhouettes.
 []

LaTeX Font Info:    Try loading font information for T1+pcr on input line 25.

("/Users/floorverhoeven/Library/Application Support/MiKTeX/texmfs/install/tex/l
atex/psnfss/t1pcr.fd"
File: t1pcr.fd 2001/06/04 font definitions for T1/pcr.
))
Overfull \hbox (40.56104pt too wide) in paragraph at lines 25--181
\T1/ptm/m/n/12 installation can be found online at [][]$\T1/pcr/m/n/12 https : 
/ / github . com / FloorVerhoeven / SketchMeshVR$[][]\T1/ptm/m/n/12 . 
 []

[28 <./figures/blocks_tool.png>] (thesis.bbl

Class scrbook Warning: deprecated old font command `\sc' used.
(scrbook)              You should note, that since 1994 LaTeX2e provides a
(scrbook)              new font selection scheme called NFSS2 with several
(scrbook)              new, combinable font commands. New KOMA-Script classes
(scrbook)              defined the old font commands like `\sc' only for
(scrbook)              compatibility with LaTeX 2.09 document styles of
(scrbook)              Script 2.0. These commands are deprecated and
(scrbook)              undocumented at least since 2003. Since 2013,
(scrbook)              KOMA-Script classes warned about soon removement of
(scrbook)              these deprecated commands. Now, after two decades of
(scrbook)              LaTeX2e, NFSS2, and KOMA-Script these commands will
(scrbook)              not work any longer. If loading a package results in
(scrbook)              this message you should contact the author of that
(scrbook)              package and ask him to replace the depracted font
(scrbook)              command `\sc', e.g., by `\normalfont \scshape '.
(scrbook)              Otherwise you should reconfigure or replace the
(scrbook)              package. If you have used the old font command
(scrbook)              `\sc' yourself you should replace it, e.g., by
(scrbook)              `\normalfont \scshape ' on input line 4.


Class scrbook Warning: deprecated old font command `\sc' used.
(scrbook)              You should note, that since 1994 LaTeX2e provides a
(scrbook)              new font selection scheme called NFSS2 with several
(scrbook)              new, combinable font commands. New KOMA-Script classes
(scrbook)              defined the old font commands like `\sc' only for
(scrbook)              compatibility with LaTeX 2.09 document styles of
(scrbook)              Script 2.0. These commands are deprecated and
(scrbook)              undocumented at least since 2003. Since 2013,
(scrbook)              KOMA-Script classes warned about soon removement of
(scrbook)              these deprecated commands. Now, after two decades of
(scrbook)              LaTeX2e, NFSS2, and KOMA-Script these commands will
(scrbook)              not work any longer. If loading a package results in
(scrbook)              this message you should contact the author of that
(scrbook)              package and ask him to replace the depracted font
(scrbook)              command `\sc', e.g., by `\normalfont \scshape '.
(scrbook)              Otherwise you should reconfigure or replace the
(scrbook)              package. If you have used the old font command
(scrbook)              `\sc' yourself you should replace it, e.g., by
(scrbook)              `\normalfont \scshape ' on input line 10.


Class scrbook Warning: deprecated old font command `\sc' used.
(scrbook)              You should note, that since 1994 LaTeX2e provides a
(scrbook)              new font selection scheme called NFSS2 with several
(scrbook)              new, combinable font commands. New KOMA-Script classes
(scrbook)              defined the old font commands like `\sc' only for
(scrbook)              compatibility with LaTeX 2.09 document styles of
(scrbook)              Script 2.0. These commands are deprecated and
(scrbook)              undocumented at least since 2003. Since 2013,
(scrbook)              KOMA-Script classes warned about soon removement of
(scrbook)              these deprecated commands. Now, after two decades of
(scrbook)              LaTeX2e, NFSS2, and KOMA-Script these commands will
(scrbook)              not work any longer. If loading a package results in
(scrbook)              this message you should contact the author of that
(scrbook)              package and ask him to replace the depracted font
(scrbook)              command `\sc', e.g., by `\normalfont \scshape '.
(scrbook)              Otherwise you should reconfigure or replace the
(scrbook)              package. If you have used the old font command
(scrbook)              `\sc' yourself you should replace it, e.g., by
(scrbook)              `\normalfont \scshape ' on input line 16.


Underfull \hbox (badness 3009) in paragraph at lines 16--21
[]\T1/ptm/m/sc/12 Felippa, C.\T1/ptm/m/n/12 , 2007.  [][]Nonlinear finite eleme
nt methods.[][]  [][]$\T1/pcr/m/n/12 www . colorado . edu /
 []


Class scrbook Warning: deprecated old font command `\sc' used.
(scrbook)              You should note, that since 1994 LaTeX2e provides a
(scrbook)              new font selection scheme called NFSS2 with several
(scrbook)              new, combinable font commands. New KOMA-Script classes
(scrbook)              defined the old font commands like `\sc' only for
(scrbook)              compatibility with LaTeX 2.09 document styles of
(scrbook)              Script 2.0. These commands are deprecated and
(scrbook)              undocumented at least since 2003. Since 2013,
(scrbook)              KOMA-Script classes warned about soon removement of
(scrbook)              these deprecated commands. Now, after two decades of
(scrbook)              LaTeX2e, NFSS2, and KOMA-Script these commands will
(scrbook)              not work any longer. If loading a package results in
(scrbook)              this message you should contact the author of that
(scrbook)              package and ask him to replace the depracted font
(scrbook)              command `\sc', e.g., by `\normalfont \scshape '.
(scrbook)              Otherwise you should reconfigure or replace the
(scrbook)              package. If you have used the old font command
(scrbook)              `\sc' yourself you should replace it, e.g., by
(scrbook)              `\normalfont \scshape ' on input line 23.


Class scrbook Warning: deprecated old font command `\sc' used.
(scrbook)              You should note, that since 1994 LaTeX2e provides a
(scrbook)              new font selection scheme called NFSS2 with several
(scrbook)              new, combinable font commands. New KOMA-Script classes
(scrbook)              defined the old font commands like `\sc' only for
(scrbook)              compatibility with LaTeX 2.09 document styles of
(scrbook)              Script 2.0. These commands are deprecated and
(scrbook)              undocumented at least since 2003. Since 2013,
(scrbook)              KOMA-Script classes warned about soon removement of
(scrbook)              these deprecated commands. Now, after two decades of
(scrbook)              LaTeX2e, NFSS2, and KOMA-Script these commands will
(scrbook)              not work any longer. If loading a package results in
(scrbook)              this message you should contact the author of that
(scrbook)              package and ask him to replace the depracted font
(scrbook)              command `\sc', e.g., by `\normalfont \scshape '.
(scrbook)              Otherwise you should reconfigure or replace the
(scrbook)              package. If you have used the old font command
(scrbook)              `\sc' yourself you should replace it, e.g., by
(scrbook)              `\normalfont \scshape ' on input line 32.


Class scrbook Warning: deprecated old font command `\sc' used.
(scrbook)              You should note, that since 1994 LaTeX2e provides a
(scrbook)              new font selection scheme called NFSS2 with several
(scrbook)              new, combinable font commands. New KOMA-Script classes
(scrbook)              defined the old font commands like `\sc' only for
(scrbook)              compatibility with LaTeX 2.09 document styles of
(scrbook)              Script 2.0. These commands are deprecated and
(scrbook)              undocumented at least since 2003. Since 2013,
(scrbook)              KOMA-Script classes warned about soon removement of
(scrbook)              these deprecated commands. Now, after two decades of
(scrbook)              LaTeX2e, NFSS2, and KOMA-Script these commands will
(scrbook)              not work any longer. If loading a package results in
(scrbook)              this message you should contact the author of that
(scrbook)              package and ask him to replace the depracted font
(scrbook)              command `\sc', e.g., by `\normalfont \scshape '.
(scrbook)              Otherwise you should reconfigure or replace the
(scrbook)              package. If you have used the old font command
(scrbook)              `\sc' yourself you should replace it, e.g., by
(scrbook)              `\normalfont \scshape ' on input line 38.


Class scrbook Warning: deprecated old font command `\sc' used.
(scrbook)              You should note, that since 1994 LaTeX2e provides a
(scrbook)              new font selection scheme called NFSS2 with several
(scrbook)              new, combinable font commands. New KOMA-Script classes
(scrbook)              defined the old font commands like `\sc' only for
(scrbook)              compatibility with LaTeX 2.09 document styles of
(scrbook)              Script 2.0. These commands are deprecated and
(scrbook)              undocumented at least since 2003. Since 2013,
(scrbook)              KOMA-Script classes warned about soon removement of
(scrbook)              these deprecated commands. Now, after two decades of
(scrbook)              LaTeX2e, NFSS2, and KOMA-Script these commands will
(scrbook)              not work any longer. If loading a package results in
(scrbook)              this message you should contact the author of that
(scrbook)              package and ask him to replace the depracted font
(scrbook)              command `\sc', e.g., by `\normalfont \scshape '.
(scrbook)              Otherwise you should reconfigure or replace the
(scrbook)              package. If you have used the old font command
(scrbook)              `\sc' yourself you should replace it, e.g., by
(scrbook)              `\normalfont \scshape ' on input line 45.


Underfull \hbox (badness 1028) in paragraph at lines 45--49
[]\T1/ptm/m/sc/12 Maya\T1/ptm/m/n/12 , 2018.  [][]Autodesk Inc.[][]  [][]$\T1/p
cr/m/n/12 https : / / www . autodesk . com / products / maya /
 []


Class scrbook Warning: deprecated old font command `\sc' used.
(scrbook)              You should note, that since 1994 LaTeX2e provides a
(scrbook)              new font selection scheme called NFSS2 with several
(scrbook)              new, combinable font commands. New KOMA-Script classes
(scrbook)              defined the old font commands like `\sc' only for
(scrbook)              compatibility with LaTeX 2.09 document styles of
(scrbook)              Script 2.0. These commands are deprecated and
(scrbook)              undocumented at least since 2003. Since 2013,
(scrbook)              KOMA-Script classes warned about soon removement of
(scrbook)              these deprecated commands. Now, after two decades of
(scrbook)              LaTeX2e, NFSS2, and KOMA-Script these commands will
(scrbook)              not work any longer. If loading a package results in
(scrbook)              this message you should contact the author of that
(scrbook)              package and ask him to replace the depracted font
(scrbook)              command `\sc', e.g., by `\normalfont \scshape '.
(scrbook)              Otherwise you should reconfigure or replace the
(scrbook)              package. If you have used the old font command
(scrbook)              `\sc' yourself you should replace it, e.g., by
(scrbook)              `\normalfont \scshape ' on input line 51.


Class scrbook Warning: deprecated old font command `\sc' used.
(scrbook)              You should note, that since 1994 LaTeX2e provides a
(scrbook)              new font selection scheme called NFSS2 with several
(scrbook)              new, combinable font commands. New KOMA-Script classes
(scrbook)              defined the old font commands like `\sc' only for
(scrbook)              compatibility with LaTeX 2.09 document styles of
(scrbook)              Script 2.0. These commands are deprecated and
(scrbook)              undocumented at least since 2003. Since 2013,
(scrbook)              KOMA-Script classes warned about soon removement of
(scrbook)              these deprecated commands. Now, after two decades of
(scrbook)              LaTeX2e, NFSS2, and KOMA-Script these commands will
(scrbook)              not work any longer. If loading a package results in
(scrbook)              this message you should contact the author of that
(scrbook)              package and ask him to replace the depracted font
(scrbook)              command `\sc', e.g., by `\normalfont \scshape '.
(scrbook)              Otherwise you should reconfigure or replace the
(scrbook)              package. If you have used the old font command
(scrbook)              `\sc' yourself you should replace it, e.g., by
(scrbook)              `\normalfont \scshape ' on input line 57.


Class scrbook Warning: deprecated old font command `\sc' used.
(scrbook)              You should note, that since 1994 LaTeX2e provides a
(scrbook)              new font selection scheme called NFSS2 with several
(scrbook)              new, combinable font commands. New KOMA-Script classes
(scrbook)              defined the old font commands like `\sc' only for
(scrbook)              compatibility with LaTeX 2.09 document styles of
(scrbook)              Script 2.0. These commands are deprecated and
(scrbook)              undocumented at least since 2003. Since 2013,
(scrbook)              KOMA-Script classes warned about soon removement of
(scrbook)              these deprecated commands. Now, after two decades of
(scrbook)              LaTeX2e, NFSS2, and KOMA-Script these commands will
(scrbook)              not work any longer. If loading a package results in
(scrbook)              this message you should contact the author of that
(scrbook)              package and ask him to replace the depracted font
(scrbook)              command `\sc', e.g., by `\normalfont \scshape '.
(scrbook)              Otherwise you should reconfigure or replace the
(scrbook)              package. If you have used the old font command
(scrbook)              `\sc' yourself you should replace it, e.g., by
(scrbook)              `\normalfont \scshape ' on input line 65.


Underfull \hbox (badness 1215) in paragraph at lines 65--69
[]\T1/ptm/m/sc/12 ZBrush\T1/ptm/m/n/12 , 2018.  [][]Pixologic Inc.[][]  [][]$\T
1/pcr/m/n/12 http : / / pixologic . com / zbrush / features /
 []

)

Class scrbook Warning: deprecated old font command `\sl' used.
(scrbook)              You should note, that since 1994 LaTeX2e provides a
(scrbook)              new font selection scheme called NFSS2 with several
(scrbook)              new, combinable font commands. New KOMA-Script classes
(scrbook)              defined the old font commands like `\sl' only for
(scrbook)              compatibility with LaTeX 2.09 document styles of
(scrbook)              Script 2.0. These commands are deprecated and
(scrbook)              undocumented at least since 2003. Since 2013,
(scrbook)              KOMA-Script classes warned about soon removement of
(scrbook)              these deprecated commands. Now, after two decades of
(scrbook)              LaTeX2e, NFSS2, and KOMA-Script these commands will
(scrbook)              not work any longer. If loading a package results in
(scrbook)              this message you should contact the author of that
(scrbook)              package and ask him to replace the depracted font
(scrbook)              command `\sl', e.g., by `\normalfont \slshape '.
(scrbook)              Otherwise you should reconfigure or replace the
(scrbook)              package. If you have used the old font command
(scrbook)              `\sl' yourself you should replace it, e.g., by
(scrbook)              `\normalfont \slshape ' on input line 195.

[29



]
Package atveryend Info: Empty hook `BeforeClearDocument' on input line 195.
Package atveryend Info: Empty hook `AfterLastShipout' on input line 195.
 (thesis.aux (abstract.aux) (ch01-introduction.aux) (ch02-related-work.aux) (ch
03-system-description.aux) (ch04-results.aux) (ch05-conclusion.aux))
Package atveryend Info: Executing hook `AtVeryEndDocument' on input line 195.
Package atveryend Info: Executing hook `AtEndAfterFileList' on input line 195.
Package rerunfilecheck Info: File `thesis.out' has not changed.
(rerunfilecheck)             Checksum: 30DFB27F0A7A3A9DCE9F84A52C22B494;1902.
Package atveryend Info: Empty hook `AtVeryVeryEnd' on input line 195.
 ) 
Here is how much of TeX's memory you used:
 21868 strings out of 495223
 423883 string characters out of 3179739
 548324 words of memory out of 3000000
 24548 multiletter control sequences out of 15000+200000
 67974 words of font info for 76 fonts, out of 3000000 for 9000
 0 hyphenation exceptions out of 8191
 73i,29n,79p,8819b,710s stack positions out of 5000i,500n,10000p,200000b,50000s
{/Users/floorverhoeven/Library/Application Support/MiKTeX/texmfs/install/font
s/enc/dvips/base/8r.enc}</Users/floorverhoeven/Library/Application Support/MiKT
eX/texmfs/install/fonts/type1/public/amsfonts/cm/cmbx12.pfb></Users/floorverhoe
ven/Library/Application Support/MiKTeX/texmfs/install/fonts/type1/public/amsfon
ts/cm/cmbx8.pfb></Users/floorverhoeven/Library/Application Support/MiKTeX/texmf
s/install/fonts/type1/public/amsfonts/cm/cmex10.pfb></Users/floorverhoeven/Libr
ary/Application Support/MiKTeX/texmfs/install/fonts/type1/public/amsfonts/cm/cm
mi12.pfb></Users/floorverhoeven/Library/Application Support/MiKTeX/texmfs/insta
ll/fonts/type1/public/amsfonts/cm/cmmi6.pfb></Users/floorverhoeven/Library/Appl
ication Support/MiKTeX/texmfs/install/fonts/type1/public/amsfonts/cm/cmmi8.pfb>
</Users/floorverhoeven/Library/Application Support/MiKTeX/texmfs/install/fonts/
type1/public/amsfonts/cm/cmr10.pfb></Users/floorverhoeven/Library/Application S
upport/MiKTeX/texmfs/install/fonts/type1/public/amsfonts/cm/cmr12.pfb></Users/f
loorverhoeven/Library/Application Support/MiKTeX/texmfs/install/fonts/type1/pub
lic/amsfonts/cm/cmr6.pfb></Users/floorverhoeven/Library/Application Support/MiK
TeX/texmfs/install/fonts/type1/public/amsfonts/cm/cmr8.pfb></Users/floorverhoev
en/Library/Application Support/MiKTeX/texmfs/install/fonts/type1/public/amsfont
s/cm/cmsy10.pfb></Users/floorverhoeven/Library/Application Support/MiKTeX/texmf
s/install/fonts/type1/public/amsfonts/cm/cmsy6.pfb></Users/floorverhoeven/Libra
ry/Application Support/MiKTeX/texmfs/install/fonts/type1/public/amsfonts/cm/cms
y8.pfb></Users/floorverhoeven/Library/Application Support/MiKTeX/texmfs/install
/fonts/type1/urw/courier/ucrr8a.pfb></Users/floorverhoeven/Library/Application 
Support/MiKTeX/texmfs/install/fonts/type1/urw/helvetic/uhvb8a.pfb></Users/floor
verhoeven/Library/Application Support/MiKTeX/texmfs/install/fonts/type1/urw/hel
vetic/uhvr8a.pfb></Users/floorverhoeven/Library/Application Support/MiKTeX/texm
fs/install/fonts/type1/urw/helvetic/uhvro8a.pfb></Users/floorverhoeven/Library/
Application Support/MiKTeX/texmfs/install/fonts/type1/urw/times/utmb8a.pfb></Us
ers/floorverhoeven/Library/Application Support/MiKTeX/texmfs/install/fonts/type
1/urw/times/utmr8a.pfb></Users/floorverhoeven/Library/Application Support/MiKTe
X/texmfs/install/fonts/type1/urw/times/utmr8a.pfb></Users/floorverhoeven/Librar
y/Application Support/MiKTeX/texmfs/install/fonts/type1/urw/times/utmri8a.pfb>
Output written on thesis.pdf (43 pages, 45400262 bytes).
PDF statistics:
 747 PDF objects out of 1000 (max. 8388607)
 111 named destinations out of 1000 (max. 500000)
 533 words of extra memory for PDF output out of 10000 (max. 10000000)

